2026-06-17 14:10:36,193 - rwp_api_logger - INFO - 登陆成功，access_token=740F218D90F1E010193CA67B8A48379C
2026-06-17 14:10:36,206 - rwp_api_logger - INFO - url=http://rwp.dunhefund.com:6680/api/trade_manager/fund_unit/get_unit_asset_chart?access_token=740F218D90F1E010193CA67B8A48379C, data={"fund_id": 569, "unit_id": 9118, "start_date": ":TODAY_DISPLAY"}
2026-06-17 14:10:36,393 - rwp_api_logger - INFO - response.status_code=200, response.text={"code":1,"message":"","unit_list":[{"unit_id":9118,"unit_name":"山海量化CTA进取1号-场外银行间","name":"周经国","nav_list":[{"date":"2026-05-08","total_asset":0,"nav":0,"nav_acc":0,"unit_var":0,"dynamic_drawdown":-1,"occupy_deposit_balance":0,"enable_deposit_balance":0,"deposit_ratio":0,"otc_occupy_deposit_balance":0,"otc_enable_deposit_balance":0,"otc_deposit_ratio":0,"total_deposit_ratio":0,"today_profit":0,"total_profit":0,"today_profit_ratio":-1,"today_share":0,"total_asset_2":0,"nav_2":0,"today_share_2":0,"principal_amount_2":0}]}]}
2026-06-17 14:10:36,393 - rwp_api_logger - INFO - 调用成功
2026-06-17 14:10:37,840 - rwp_api_logger - INFO - url=http://rwp.dunhefund.com:6680/api/trade_manager/fund_unit/get_unit_asset_chart?access_token=740F218D90F1E010193CA67B8A48379C, data={"fund_id": 568, "unit_id": 9122, "start_date": ":TODAY_DISPLAY"}
2026-06-17 14:10:38,093 - rwp_api_logger - INFO - response.status_code=200, response.text={"code":1,"message":"","unit_list":[{"unit_id":9122,"unit_name":"山海量化CTA平衡1号-场外银行间","name":"周经国","nav_list":[{"date":"2026-05-08","total_asset":0,"nav":0,"nav_acc":0,"unit_var":0,"dynamic_drawdown":-1,"occupy_deposit_balance":0,"enable_deposit_balance":0,"deposit_ratio":0,"otc_occupy_deposit_balance":0,"otc_enable_deposit_balance":0,"otc_deposit_ratio":0,"total_deposit_ratio":0,"today_profit":0,"total_profit":0,"today_profit_ratio":-1,"today_share":0,"total_asset_2":0,"nav_2":0,"today_share_2":0,"principal_amount_2":0}]}]}
2026-06-17 14:10:38,097 - rwp_api_logger - INFO - 调用成功
2026-06-17 14:10:38,932 - rwp_api_logger - INFO - url=http://rwp.dunhefund.com:6680/api/trade_manager/fund_unit/get_unit_asset_chart?access_token=740F218D90F1E010193CA67B8A48379C, data={"fund_id": 568, "unit_id": 9122, "start_date": ":TODAY_DISPLAY"}
2026-06-17 14:10:39,013 - rwp_api_logger - INFO - response.status_code=200, response.text={"code":1,"message":"","unit_list":[{"unit_id":9122,"unit_name":"山海量化CTA平衡1号-场外银行间","name":"周经国","nav_list":[{"date":"2026-05-08","total_asset":0,"nav":0,"nav_acc":0,"unit_var":0,"dynamic_drawdown":-1,"occupy_deposit_balance":0,"enable_deposit_balance":0,"deposit_ratio":0,"otc_occupy_deposit_balance":0,"otc_enable_deposit_balance":0,"otc_deposit_ratio":0,"total_deposit_ratio":0,"today_profit":0,"total_profit":0,"today_profit_ratio":-1,"today_share":0,"total_asset_2":0,"nav_2":0,"today_share_2":0,"principal_amount_2":0}]}]}
2026-06-17 14:10:39,013 - rwp_api_logger - INFO - 调用成功
2026-06-17 14:10:39,837 - rwp_api_logger - INFO - url=http://rwp.dunhefund.com:6680/api/trade_manager/fund_unit/get_unit_asset_chart?access_token=740F218D90F1E010193CA67B8A48379C, data={"fund_id": 568, "unit_id": 9122, "start_date": ":TODAY_DISPLAY"}
2026-06-17 14:10:39,908 - rwp_api_logger - INFO - response.status_code=200, response.text={"code":1,"message":"","unit_list":[{"unit_id":9122,"unit_name":"山海量化CTA平衡1号-场外银行间","name":"周经国","nav_list":[{"date":"2026-05-08","total_asset":0,"nav":0,"nav_acc":0,"unit_var":0,"dynamic_drawdown":-1,"occupy_deposit_balance":0,"enable_deposit_balance":0,"deposit_ratio":0,"otc_occupy_deposit_balance":0,"otc_enable_deposit_balance":0,"otc_deposit_ratio":0,"total_deposit_ratio":0,"today_profit":0,"total_profit":0,"today_profit_ratio":-1,"today_share":0,"total_asset_2":0,"nav_2":0,"today_share_2":0,"principal_amount_2":0}]}]}
2026-06-17 14:10:39,908 - rwp_api_logger - INFO - 调用成功
2026-06-17 14:10:40,536 - rwp_api_logger - INFO - url=http://rwp.dunhefund.com:6680/api/trade_manager/fund_unit/get_unit_asset_chart?access_token=740F218D90F1E010193CA67B8A48379C, data={"fund_id": 568, "unit_id": 9122, "start_date": ":TODAY_DISPLAY"}
2026-06-17 14:10:40,620 - rwp_api_logger - INFO - response.status_code=200, response.text={"code":1,"message":"","unit_list":[{"unit_id":9122,"unit_name":"山海量化CTA平衡1号-场外银行间","name":"周经国","nav_list":[{"date":"2026-05-08","total_asset":0,"nav":0,"nav_acc":0,"unit_var":0,"dynamic_drawdown":-1,"occupy_deposit_balance":0,"enable_deposit_balance":0,"deposit_ratio":0,"otc_occupy_deposit_balance":0,"otc_enable_deposit_balance":0,"otc_deposit_ratio":0,"total_deposit_ratio":0,"today_profit":0,"total_profit":0,"today_profit_ratio":-1,"today_share":0,"total_asset_2":0,"nav_2":0,"today_share_2":0,"principal_amount_2":0}]}]}
2026-06-17 14:10:40,621 - rwp_api_logger - INFO - 调用成功
2026-06-17 14:10:40,648 - rwp_api_logger - INFO - url=http://rwp.dunhefund.com:6680/api/trade_manager/fund_unit/get_unit_asset_chart?access_token=740F218D90F1E010193CA67B8A48379C, data={"fund_id": 568, "unit_id": 9122, "start_date": ":TODAY_DISPLAY"}
2026-06-17 14:10:40,792 - rwp_api_logger - INFO - response.status_code=200, response.text={"code":1,"message":"","unit_list":[{"unit_id":9122,"unit_name":"山海量化CTA平衡1号-场外银行间","name":"周经国","nav_list":[{"date":"2026-05-08","total_asset":0,"nav":0,"nav_acc":0,"unit_var":0,"dynamic_drawdown":-1,"occupy_deposit_balance":0,"enable_deposit_balance":0,"deposit_ratio":0,"otc_occupy_deposit_balance":0,"otc_enable_deposit_balance":0,"otc_deposit_ratio":0,"total_deposit_ratio":0,"today_profit":0,"total_profit":0,"today_profit_ratio":-1,"today_share":0,"total_asset_2":0,"nav_2":0,"today_share_2":0,"principal_amount_2":0}]}]}
2026-06-17 14:10:40,792 - rwp_api_logger - INFO - 调用成功
2026-06-17 14:10:40,824 - rwp_api_logger - INFO - url=http://rwp.dunhefund.com:6680/api/trade_manager/fund_unit/get_unit_asset_chart?access_token=740F218D90F1E010193CA67B8A48379C, data={"fund_id": 568, "unit_id": 9122, "start_date": ":TODAY_DISPLAY"}
2026-06-17 14:10:40,935 - rwp_api_logger - INFO - response.status_code=200, response.text={"code":1,"message":"","unit_list":[{"unit_id":9122,"unit_name":"山海量化CTA平衡1号-场外银行间","name":"周经国","nav_list":[{"date":"2026-05-08","total_asset":0,"nav":0,"nav_acc":0,"unit_var":0,"dynamic_drawdown":-1,"occupy_deposit_balance":0,"enable_deposit_balance":0,"deposit_ratio":0,"otc_occupy_deposit_balance":0,"otc_enable_deposit_balance":0,"otc_deposit_ratio":0,"total_deposit_ratio":0,"today_profit":0,"total_profit":0,"today_profit_ratio":-1,"today_share":0,"total_asset_2":0,"nav_2":0,"today_share_2":0,"principal_amount_2":0}]}]}
2026-06-17 14:10:40,936 - rwp_api_logger - INFO - 调用成功
2026-06-17 14:20:19,920 - rwp_api_logger - INFO - 登陆成功，access_token=7B5048170888252E7F3E3F27839C5858
2026-06-17 14:20:19,922 - rwp_api_logger - INFO - url=http://rwp.dunhefund.com:6680/api/trade_manager/fund_unit/get_unit_asset_chart?access_token=7B5048170888252E7F3E3F27839C5858, data={"fund_id": 569, "unit_id": 9118, "start_date": ":TODAY_DISPLAY"}
2026-06-17 14:20:20,115 - rwp_api_logger - INFO - response.status_code=200, response.text={"code":1,"message":"","unit_list":[{"unit_id":9118,"unit_name":"山海量化CTA进取1号-场外银行间","name":"周经国","nav_list":[{"date":"2026-05-08","total_asset":0,"nav":0,"nav_acc":0,"unit_var":0,"dynamic_drawdown":-1,"occupy_deposit_balance":0,"enable_deposit_balance":0,"deposit_ratio":0,"otc_occupy_deposit_balance":0,"otc_enable_deposit_balance":0,"otc_deposit_ratio":0,"total_deposit_ratio":0,"today_profit":0,"total_profit":0,"today_profit_ratio":-1,"today_share":0,"total_asset_2":0,"nav_2":0,"today_share_2":0,"principal_amount_2":0}]}]}
2026-06-17 14:20:20,132 - rwp_api_logger - INFO - 调用成功
2026-06-17 14:20:21,393 - rwp_api_logger - INFO - url=http://rwp.dunhefund.com:6680/api/trade_manager/fund_unit/get_unit_asset_chart?access_token=7B5048170888252E7F3E3F27839C5858, data={"fund_id": 568, "unit_id": 9122, "start_date": ":TODAY_DISPLAY"}
2026-06-17 14:20:21,521 - rwp_api_logger - INFO - response.status_code=200, response.text={"code":1,"message":"","unit_list":[{"unit_id":9122,"unit_name":"山海量化CTA平衡1号-场外银行间","name":"周经国","nav_list":[{"date":"2026-05-08","total_asset":0,"nav":0,"nav_acc":0,"unit_var":0,"dynamic_drawdown":-1,"occupy_deposit_balance":0,"enable_deposit_balance":0,"deposit_ratio":0,"otc_occupy_deposit_balance":0,"otc_enable_deposit_balance":0,"otc_deposit_ratio":0,"total_deposit_ratio":0,"today_profit":0,"total_profit":0,"today_profit_ratio":-1,"today_share":0,"total_asset_2":0,"nav_2":0,"today_share_2":0,"principal_amount_2":0}]}]}
2026-06-17 14:20:21,521 - rwp_api_logger - INFO - 调用成功
2026-06-17 14:20:22,190 - rwp_api_logger - INFO - url=http://rwp.dunhefund.com:6680/api/trade_manager/fund_unit/get_unit_asset_chart?access_token=7B5048170888252E7F3E3F27839C5858, data={"fund_id": 568, "unit_id": 9122, "start_date": ":TODAY_DISPLAY"}
2026-06-17 14:20:22,317 - rwp_api_logger - INFO - response.status_code=200, response.text={"code":1,"message":"","unit_list":[{"unit_id":9122,"unit_name":"山海量化CTA平衡1号-场外银行间","name":"周经国","nav_list":[{"date":"2026-05-08","total_asset":0,"nav":0,"nav_acc":0,"unit_var":0,"dynamic_drawdown":-1,"occupy_deposit_balance":0,"enable_deposit_balance":0,"deposit_ratio":0,"otc_occupy_deposit_balance":0,"otc_enable_deposit_balance":0,"otc_deposit_ratio":0,"total_deposit_ratio":0,"today_profit":0,"total_profit":0,"today_profit_ratio":-1,"today_share":0,"total_asset_2":0,"nav_2":0,"today_share_2":0,"principal_amount_2":0}]}]}
2026-06-17 14:20:22,317 - rwp_api_logger - INFO - 调用成功
2026-06-17 14:20:22,980 - rwp_api_logger - INFO - url=http://rwp.dunhefund.com:6680/api/trade_manager/fund_unit/get_unit_asset_chart?access_token=7B5048170888252E7F3E3F27839C5858, data={"fund_id": 568, "unit_id": 9122, "start_date": ":TODAY_DISPLAY"}
2026-06-17 14:20:23,124 - rwp_api_logger - INFO - response.status_code=200, response.text={"code":1,"message":"","unit_list":[{"unit_id":9122,"unit_name":"山海量化CTA平衡1号-场外银行间","name":"周经国","nav_list":[{"date":"2026-05-08","total_asset":0,"nav":0,"nav_acc":0,"unit_var":0,"dynamic_drawdown":-1,"occupy_deposit_balance":0,"enable_deposit_balance":0,"deposit_ratio":0,"otc_occupy_deposit_balance":0,"otc_enable_deposit_balance":0,"otc_deposit_ratio":0,"total_deposit_ratio":0,"today_profit":0,"total_profit":0,"today_profit_ratio":-1,"today_share":0,"total_asset_2":0,"nav_2":0,"today_share_2":0,"principal_amount_2":0}]}]}
2026-06-17 14:20:23,124 - rwp_api_logger - INFO - 调用成功
2026-06-17 14:20:23,784 - rwp_api_logger - INFO - url=http://rwp.dunhefund.com:6680/api/trade_manager/fund_unit/get_unit_asset_chart?access_token=7B5048170888252E7F3E3F27839C5858, data={"fund_id": 568, "unit_id": 9122, "start_date": ":TODAY_DISPLAY"}
2026-06-17 14:20:23,855 - rwp_api_logger - INFO - response.status_code=200, response.text={"code":1,"message":"","unit_list":[{"unit_id":9122,"unit_name":"山海量化CTA平衡1号-场外银行间","name":"周经国","nav_list":[{"date":"2026-05-08","total_asset":0,"nav":0,"nav_acc":0,"unit_var":0,"dynamic_drawdown":-1,"occupy_deposit_balance":0,"enable_deposit_balance":0,"deposit_ratio":0,"otc_occupy_deposit_balance":0,"otc_enable_deposit_balance":0,"otc_deposit_ratio":0,"total_deposit_ratio":0,"today_profit":0,"total_profit":0,"today_profit_ratio":-1,"today_share":0,"total_asset_2":0,"nav_2":0,"today_share_2":0,"principal_amount_2":0}]}]}
2026-06-17 14:20:23,855 - rwp_api_logger - INFO - 调用成功
2026-06-17 14:20:23,878 - rwp_api_logger - INFO - url=http://rwp.dunhefund.com:6680/api/trade_manager/fund_unit/get_unit_asset_chart?access_token=7B5048170888252E7F3E3F27839C5858, data={"fund_id": 568, "unit_id": 9122, "start_date": ":TODAY_DISPLAY"}
2026-06-17 14:20:23,962 - rwp_api_logger - INFO - response.status_code=200, response.text={"code":1,"message":"","unit_list":[{"unit_id":9122,"unit_name":"山海量化CTA平衡1号-场外银行间","name":"周经国","nav_list":[{"date":"2026-05-08","total_asset":0,"nav":0,"nav_acc":0,"unit_var":0,"dynamic_drawdown":-1,"occupy_deposit_balance":0,"enable_deposit_balance":0,"deposit_ratio":0,"otc_occupy_deposit_balance":0,"otc_enable_deposit_balance":0,"otc_deposit_ratio":0,"total_deposit_ratio":0,"today_profit":0,"total_profit":0,"today_profit_ratio":-1,"today_share":0,"total_asset_2":0,"nav_2":0,"today_share_2":0,"principal_amount_2":0}]}]}
2026-06-17 14:20:23,962 - rwp_api_logger - INFO - 调用成功
2026-06-17 14:20:23,987 - rwp_api_logger - INFO - url=http://rwp.dunhefund.com:6680/api/trade_manager/fund_unit/get_unit_asset_chart?access_token=7B5048170888252E7F3E3F27839C5858, data={"fund_id": 568, "unit_id": 9122, "start_date": ":TODAY_DISPLAY"}
2026-06-17 14:20:24,083 - rwp_api_logger - INFO - response.status_code=200, response.text={"code":1,"message":"","unit_list":[{"unit_id":9122,"unit_name":"山海量化CTA平衡1号-场外银行间","name":"周经国","nav_list":[{"date":"2026-05-08","total_asset":0,"nav":0,"nav_acc":0,"unit_var":0,"dynamic_drawdown":-1,"occupy_deposit_balance":0,"enable_deposit_balance":0,"deposit_ratio":0,"otc_occupy_deposit_balance":0,"otc_enable_deposit_balance":0,"otc_deposit_ratio":0,"total_deposit_ratio":0,"today_profit":0,"total_profit":0,"today_profit_ratio":-1,"today_share":0,"total_asset_2":0,"nav_2":0,"today_share_2":0,"principal_amount_2":0}]}]}
2026-06-17 14:20:24,084 - rwp_api_logger - INFO - 调用成功
2026-06-17 14:20:35,946 - rwp_api_logger - INFO - 登陆成功，access_token=63F8E5E5C5291C095CD25CA34F4AB950
2026-06-17 14:20:35,959 - rwp_api_logger - INFO - url=http://rwp.dunhefund.com:6680/api/trade_manager/fund_unit/get_unit_asset_chart?access_token=63F8E5E5C5291C095CD25CA34F4AB950, data={"fund_id": 569, "unit_id": 9118, "start_date": ":TODAY_DISPLAY"}
2026-06-17 14:20:36,045 - rwp_api_logger - INFO - response.status_code=200, response.text={"code":1,"message":"","unit_list":[{"unit_id":9118,"unit_name":"山海量化CTA进取1号-场外银行间","name":"周经国","nav_list":[{"date":"2026-05-08","total_asset":0,"nav":0,"nav_acc":0,"unit_var":0,"dynamic_drawdown":-1,"occupy_deposit_balance":0,"enable_deposit_balance":0,"deposit_ratio":0,"otc_occupy_deposit_balance":0,"otc_enable_deposit_balance":0,"otc_deposit_ratio":0,"total_deposit_ratio":0,"today_profit":0,"total_profit":0,"today_profit_ratio":-1,"today_share":0,"total_asset_2":0,"nav_2":0,"today_share_2":0,"principal_amount_2":0}]}]}
2026-06-17 14:20:36,047 - rwp_api_logger - INFO - 调用成功
2026-06-17 14:20:39,358 - rwp_api_logger - INFO - url=http://rwp.dunhefund.com:6680/api/trade_manager/fund_unit/get_unit_asset_chart?access_token=63F8E5E5C5291C095CD25CA34F4AB950, data={"fund_id": 568, "unit_id": 9122, "start_date": ":TODAY_DISPLAY"}
2026-06-17 14:20:39,476 - rwp_api_logger - INFO - response.status_code=200, response.text={"code":1,"message":"","unit_list":[{"unit_id":9122,"unit_name":"山海量化CTA平衡1号-场外银行间","name":"周经国","nav_list":[{"date":"2026-05-08","total_asset":0,"nav":0,"nav_acc":0,"unit_var":0,"dynamic_drawdown":-1,"occupy_deposit_balance":0,"enable_deposit_balance":0,"deposit_ratio":0,"otc_occupy_deposit_balance":0,"otc_enable_deposit_balance":0,"otc_deposit_ratio":0,"total_deposit_ratio":0,"today_profit":0,"total_profit":0,"today_profit_ratio":-1,"today_share":0,"total_asset_2":0,"nav_2":0,"today_share_2":0,"principal_amount_2":0}]}]}
2026-06-17 14:20:39,483 - rwp_api_logger - INFO - 调用成功
2026-06-17 14:20:40,226 - rwp_api_logger - INFO - 登陆成功，access_token=0F2B1F54EB01FD4D7279B62E823866DC
2026-06-17 14:20:40,230 - rwp_api_logger - INFO - url=http://rwp.dunhefund.com:6680/api/trade_manager/fund_unit/get_unit_asset_chart?access_token=0F2B1F54EB01FD4D7279B62E823866DC, data={"fund_id": 569, "unit_id": 9118, "start_date": ":TODAY_DISPLAY"}
2026-06-17 14:20:40,350 - rwp_api_logger - INFO - response.status_code=200, response.text={"code":1,"message":"","unit_list":[{"unit_id":9118,"unit_name":"山海量化CTA进取1号-场外银行间","name":"周经国","nav_list":[{"date":"2026-05-08","total_asset":0,"nav":0,"nav_acc":0,"unit_var":0,"dynamic_drawdown":-1,"occupy_deposit_balance":0,"enable_deposit_balance":0,"deposit_ratio":0,"otc_occupy_deposit_balance":0,"otc_enable_deposit_balance":0,"otc_deposit_ratio":0,"total_deposit_ratio":0,"today_profit":0,"total_profit":0,"today_profit_ratio":-1,"today_share":0,"total_asset_2":0,"nav_2":0,"today_share_2":0,"principal_amount_2":0}]}]}
2026-06-17 14:20:40,350 - rwp_api_logger - INFO - 调用成功
2026-06-17 14:20:42,364 - rwp_api_logger - INFO - url=http://rwp.dunhefund.com:6680/api/trade_manager/fund_unit/get_unit_asset_chart?access_token=0F2B1F54EB01FD4D7279B62E823866DC, data={"fund_id": 568, "unit_id": 9122, "start_date": ":TODAY_DISPLAY"}
2026-06-17 14:20:42,440 - rwp_api_logger - INFO - response.status_code=200, response.text={"code":1,"message":"","unit_list":[{"unit_id":9122,"unit_name":"山海量化CTA平衡1号-场外银行间","name":"周经国","nav_list":[{"date":"2026-05-08","total_asset":0,"nav":0,"nav_acc":0,"unit_var":0,"dynamic_drawdown":-1,"occupy_deposit_balance":0,"enable_deposit_balance":0,"deposit_ratio":0,"otc_occupy_deposit_balance":0,"otc_enable_deposit_balance":0,"otc_deposit_ratio":0,"total_deposit_ratio":0,"today_profit":0,"total_profit":0,"today_profit_ratio":-1,"today_share":0,"total_asset_2":0,"nav_2":0,"today_share_2":0,"principal_amount_2":0}]}]}
2026-06-17 14:20:42,441 - rwp_api_logger - INFO - 调用成功
2026-06-17 14:20:42,721 - rwp_api_logger - INFO - url=http://rwp.dunhefund.com:6680/api/trade_manager/fund_unit/get_unit_asset_chart?access_token=0F2B1F54EB01FD4D7279B62E823866DC, data={"fund_id": 568, "unit_id": 9122, "start_date": ":TODAY_DISPLAY"}
2026-06-17 14:20:42,829 - rwp_api_logger - INFO - response.status_code=200, response.text={"code":1,"message":"","unit_list":[{"unit_id":9122,"unit_name":"山海量化CTA平衡1号-场外银行间","name":"周经国","nav_list":[{"date":"2026-05-08","total_asset":0,"nav":0,"nav_acc":0,"unit_var":0,"dynamic_drawdown":-1,"occupy_deposit_balance":0,"enable_deposit_balance":0,"deposit_ratio":0,"otc_occupy_deposit_balance":0,"otc_enable_deposit_balance":0,"otc_deposit_ratio":0,"total_deposit_ratio":0,"today_profit":0,"total_profit":0,"today_profit_ratio":-1,"today_share":0,"total_asset_2":0,"nav_2":0,"today_share_2":0,"principal_amount_2":0}]}]}
2026-06-17 14:20:42,830 - rwp_api_logger - INFO - 调用成功
2026-06-17 14:20:44,205 - rwp_api_logger - INFO - url=http://rwp.dunhefund.com:6680/api/trade_manager/fund_unit/get_unit_asset_chart?access_token=0F2B1F54EB01FD4D7279B62E823866DC, data={"fund_id": 568, "unit_id": 9122, "start_date": ":TODAY_DISPLAY"}
2026-06-17 14:20:44,311 - rwp_api_logger - INFO - response.status_code=200, response.text={"code":1,"message":"","unit_list":[{"unit_id":9122,"unit_name":"山海量化CTA平衡1号-场外银行间","name":"周经国","nav_list":[{"date":"2026-05-08","total_asset":0,"nav":0,"nav_acc":0,"unit_var":0,"dynamic_drawdown":-1,"occupy_deposit_balance":0,"enable_deposit_balance":0,"deposit_ratio":0,"otc_occupy_deposit_balance":0,"otc_enable_deposit_balance":0,"otc_deposit_ratio":0,"total_deposit_ratio":0,"today_profit":0,"total_profit":0,"today_profit_ratio":-1,"today_share":0,"total_asset_2":0,"nav_2":0,"today_share_2":0,"principal_amount_2":0}]}]}
2026-06-17 14:20:44,312 - rwp_api_logger - INFO - 调用成功
2026-06-17 14:20:44,765 - rwp_api_logger - INFO - url=http://rwp.dunhefund.com:6680/api/trade_manager/fund_unit/get_unit_asset_chart?access_token=0F2B1F54EB01FD4D7279B62E823866DC, data={"fund_id": 568, "unit_id": 9122, "start_date": ":TODAY_DISPLAY"}
2026-06-17 14:20:44,862 - rwp_api_logger - INFO - response.status_code=200, response.text={"code":1,"message":"","unit_list":[{"unit_id":9122,"unit_name":"山海量化CTA平衡1号-场外银行间","name":"周经国","nav_list":[{"date":"2026-05-08","total_asset":0,"nav":0,"nav_acc":0,"unit_var":0,"dynamic_drawdown":-1,"occupy_deposit_balance":0,"enable_deposit_balance":0,"deposit_ratio":0,"otc_occupy_deposit_balance":0,"otc_enable_deposit_balance":0,"otc_deposit_ratio":0,"total_deposit_ratio":0,"today_profit":0,"total_profit":0,"today_profit_ratio":-1,"today_share":0,"total_asset_2":0,"nav_2":0,"today_share_2":0,"principal_amount_2":0}]}]}
2026-06-17 14:20:44,870 - rwp_api_logger - INFO - 调用成功
2026-06-17 14:20:45,947 - rwp_api_logger - INFO - url=http://rwp.dunhefund.com:6680/api/trade_manager/fund_unit/get_unit_asset_chart?access_token=0F2B1F54EB01FD4D7279B62E823866DC, data={"fund_id": 568, "unit_id": 9122, "start_date": ":TODAY_DISPLAY"}
2026-06-17 14:20:46,012 - rwp_api_logger - INFO - response.status_code=200, response.text={"code":1,"message":"","unit_list":[{"unit_id":9122,"unit_name":"山海量化CTA平衡1号-场外银行间","name":"周经国","nav_list":[{"date":"2026-05-08","total_asset":0,"nav":0,"nav_acc":0,"unit_var":0,"dynamic_drawdown":-1,"occupy_deposit_balance":0,"enable_deposit_balance":0,"deposit_ratio":0,"otc_occupy_deposit_balance":0,"otc_enable_deposit_balance":0,"otc_deposit_ratio":0,"total_deposit_ratio":0,"today_profit":0,"total_profit":0,"today_profit_ratio":-1,"today_share":0,"total_asset_2":0,"nav_2":0,"today_share_2":0,"principal_amount_2":0}]}]}
2026-06-17 14:20:46,013 - rwp_api_logger - INFO - 调用成功
2026-06-17 14:20:46,043 - rwp_api_logger - INFO - url=http://rwp.dunhefund.com:6680/api/trade_manager/fund_unit/get_unit_asset_chart?access_token=0F2B1F54EB01FD4D7279B62E823866DC, data={"fund_id": 568, "unit_id": 9122, "start_date": ":TODAY_DISPLAY"}
2026-06-17 14:20:46,134 - rwp_api_logger - INFO - url=http://rwp.dunhefund.com:6680/api/trade_manager/fund_unit/get_unit_asset_chart?access_token=0F2B1F54EB01FD4D7279B62E823866DC, data={"fund_id": 568, "unit_id": 9122, "start_date": ":TODAY_DISPLAY"}
2026-06-17 14:20:46,158 - rwp_api_logger - INFO - response.status_code=200, response.text={"code":1,"message":"","unit_list":[{"unit_id":9122,"unit_name":"山海量化CTA平衡1号-场外银行间","name":"周经国","nav_list":[{"date":"2026-05-08","total_asset":0,"nav":0,"nav_acc":0,"unit_var":0,"dynamic_drawdown":-1,"occupy_deposit_balance":0,"enable_deposit_balance":0,"deposit_ratio":0,"otc_occupy_deposit_balance":0,"otc_enable_deposit_balance":0,"otc_deposit_ratio":0,"total_deposit_ratio":0,"today_profit":0,"total_profit":0,"today_profit_ratio":-1,"today_share":0,"total_asset_2":0,"nav_2":0,"today_share_2":0,"principal_amount_2":0}]}]}
2026-06-17 14:20:46,158 - rwp_api_logger - INFO - 调用成功
2026-06-17 14:20:46,177 - rwp_api_logger - INFO - url=http://rwp.dunhefund.com:6680/api/trade_manager/fund_unit/get_unit_asset_chart?access_token=0F2B1F54EB01FD4D7279B62E823866DC, data={"fund_id": 568, "unit_id": 9122, "start_date": ":TODAY_DISPLAY"}
2026-06-17 14:20:46,261 - rwp_api_logger - INFO - response.status_code=200, response.text={"code":1,"message":"","unit_list":[{"unit_id":9122,"unit_name":"山海量化CTA平衡1号-场外银行间","name":"周经国","nav_list":[{"date":"2026-05-08","total_asset":0,"nav":0,"nav_acc":0,"unit_var":0,"dynamic_drawdown":-1,"occupy_deposit_balance":0,"enable_deposit_balance":0,"deposit_ratio":0,"otc_occupy_deposit_balance":0,"otc_enable_deposit_balance":0,"otc_deposit_ratio":0,"total_deposit_ratio":0,"today_profit":0,"total_profit":0,"today_profit_ratio":-1,"today_share":0,"total_asset_2":0,"nav_2":0,"today_share_2":0,"principal_amount_2":0}]}]}
2026-06-17 14:20:46,261 - rwp_api_logger - INFO - 调用成功
2026-06-17 14:20:46,261 - rwp_api_logger - INFO - response.status_code=200, response.text={"code":1,"message":"","unit_list":[{"unit_id":9122,"unit_name":"山海量化CTA平衡1号-场外银行间","name":"周经国","nav_list":[{"date":"2026-05-08","total_asset":0,"nav":0,"nav_acc":0,"unit_var":0,"dynamic_drawdown":-1,"occupy_deposit_balance":0,"enable_deposit_balance":0,"deposit_ratio":0,"otc_occupy_deposit_balance":0,"otc_enable_deposit_balance":0,"otc_deposit_ratio":0,"total_deposit_ratio":0,"today_profit":0,"total_profit":0,"today_profit_ratio":-1,"today_share":0,"total_asset_2":0,"nav_2":0,"today_share_2":0,"principal_amount_2":0}]}]}
2026-06-17 14:20:46,262 - rwp_api_logger - INFO - 调用成功
2026-06-17 14:20:46,889 - rwp_api_logger - INFO - url=http://rwp.dunhefund.com:6680/api/trade_manager/fund_unit/get_unit_asset_chart?access_token=0F2B1F54EB01FD4D7279B62E823866DC, data={"fund_id": 568, "unit_id": 9122, "start_date": ":TODAY_DISPLAY"}
2026-06-17 14:20:46,961 - rwp_api_logger - INFO - response.status_code=200, response.text={"code":1,"message":"","unit_list":[{"unit_id":9122,"unit_name":"山海量化CTA平衡1号-场外银行间","name":"周经国","nav_list":[{"date":"2026-05-08","total_asset":0,"nav":0,"nav_acc":0,"unit_var":0,"dynamic_drawdown":-1,"occupy_deposit_balance":0,"enable_deposit_balance":0,"deposit_ratio":0,"otc_occupy_deposit_balance":0,"otc_enable_deposit_balance":0,"otc_deposit_ratio":0,"total_deposit_ratio":0,"today_profit":0,"total_profit":0,"today_profit_ratio":-1,"today_share":0,"total_asset_2":0,"nav_2":0,"today_share_2":0,"principal_amount_2":0}]}]}
2026-06-17 14:20:46,961 - rwp_api_logger - INFO - 调用成功
2026-06-17 14:20:46,984 - rwp_api_logger - INFO - url=http://rwp.dunhefund.com:6680/api/trade_manager/fund_unit/get_unit_asset_chart?access_token=0F2B1F54EB01FD4D7279B62E823866DC, data={"fund_id": 568, "unit_id": 9122, "start_date": ":TODAY_DISPLAY"}
2026-06-17 14:20:47,049 - rwp_api_logger - INFO - response.status_code=200, response.text={"code":1,"message":"","unit_list":[{"unit_id":9122,"unit_name":"山海量化CTA平衡1号-场外银行间","name":"周经国","nav_list":[{"date":"2026-05-08","total_asset":0,"nav":0,"nav_acc":0,"unit_var":0,"dynamic_drawdown":-1,"occupy_deposit_balance":0,"enable_deposit_balance":0,"deposit_ratio":0,"otc_occupy_deposit_balance":0,"otc_enable_deposit_balance":0,"otc_deposit_ratio":0,"total_deposit_ratio":0,"today_profit":0,"total_profit":0,"today_profit_ratio":-1,"today_share":0,"total_asset_2":0,"nav_2":0,"today_share_2":0,"principal_amount_2":0}]}]}
2026-06-17 14:20:47,050 - rwp_api_logger - INFO - 调用成功
2026-06-17 14:20:47,075 - rwp_api_logger - INFO - url=http://rwp.dunhefund.com:6680/api/trade_manager/fund_unit/get_unit_asset_chart?access_token=0F2B1F54EB01FD4D7279B62E823866DC, data={"fund_id": 568, "unit_id": 9122, "start_date": ":TODAY_DISPLAY"}
2026-06-17 14:20:47,146 - rwp_api_logger - INFO - response.status_code=200, response.text={"code":1,"message":"","unit_list":[{"unit_id":9122,"unit_name":"山海量化CTA平衡1号-场外银行间","name":"周经国","nav_list":[{"date":"2026-05-08","total_asset":0,"nav":0,"nav_acc":0,"unit_var":0,"dynamic_drawdown":-1,"occupy_deposit_balance":0,"enable_deposit_balance":0,"deposit_ratio":0,"otc_occupy_deposit_balance":0,"otc_enable_deposit_balance":0,"otc_deposit_ratio":0,"total_deposit_ratio":0,"today_profit":0,"total_profit":0,"today_profit_ratio":-1,"today_share":0,"total_asset_2":0,"nav_2":0,"today_share_2":0,"principal_amount_2":0}]}]}
2026-06-17 14:20:47,146 - rwp_api_logger - INFO - 调用成功
2026-06-17 14:25:53,011 - rwp_api_logger - INFO - 登陆成功，access_token=AF3A1CA6F58556391B4A083BA00D767F
2026-06-17 14:26:03,635 - rwp_api_logger - INFO - 登陆成功，access_token=057E48D56B77F9C8997FB1AD44E82BE3
2026-06-17 14:26:03,636 - rwp_api_logger - INFO - url=http://rwp.dunhefund.com:6680/api/trade_manager/fund_unit/get_unit_asset_chart?access_token=057E48D56B77F9C8997FB1AD44E82BE3, data={"fund_id": 568, "unit_id": 9122, "start_date": "TODAY_DISPLAY"}
2026-06-17 14:26:03,805 - rwp_api_logger - INFO - response.status_code=200, response.text={"code":1,"message":"","unit_list":[{"unit_id":9122,"unit_name":"山海量化CTA平衡1号-场外银行间","name":"周经国","nav_list":[{"date":"2026-05-08","total_asset":0,"nav":0,"nav_acc":0,"unit_var":0,"dynamic_drawdown":-1,"occupy_deposit_balance":0,"enable_deposit_balance":0,"deposit_ratio":0,"otc_occupy_deposit_balance":0,"otc_enable_deposit_balance":0,"otc_deposit_ratio":0,"total_deposit_ratio":0,"today_profit":0,"total_profit":0,"today_profit_ratio":-1,"today_share":0,"total_asset_2":0,"nav_2":0,"today_share_2":0,"principal_amount_2":0}]}]}
2026-06-17 14:26:03,805 - rwp_api_logger - INFO - 调用成功
2026-06-17 14:26:44,749 - rwp_api_logger - INFO - 登陆成功，access_token=128B8C2AB6B30FCCDC39BE81F71EC026
2026-06-17 14:26:44,750 - rwp_api_logger - INFO - url=http://rwp.dunhefund.com:6680/api/trade_manager/fund_unit/get_unit_asset_chart?access_token=128B8C2AB6B30FCCDC39BE81F71EC026, data={"fund_id": 568, "unit_id": 9122, "start_date": ":TODAY_DISPLAY"}
2026-06-17 14:26:44,831 - rwp_api_logger - INFO - response.status_code=200, response.text={"code":1,"message":"","unit_list":[{"unit_id":9122,"unit_name":"山海量化CTA平衡1号-场外银行间","name":"周经国","nav_list":[{"date":"2026-05-08","total_asset":0,"nav":0,"nav_acc":0,"unit_var":0,"dynamic_drawdown":-1,"occupy_deposit_balance":0,"enable_deposit_balance":0,"deposit_ratio":0,"otc_occupy_deposit_balance":0,"otc_enable_deposit_balance":0,"otc_deposit_ratio":0,"total_deposit_ratio":0,"today_profit":0,"total_profit":0,"today_profit_ratio":-1,"today_share":0,"total_asset_2":0,"nav_2":0,"today_share_2":0,"principal_amount_2":0}]}]}
2026-06-17 14:26:44,831 - rwp_api_logger - INFO - 调用成功
2026-06-17 14:27:04,021 - rwp_api_logger - INFO - 登陆成功，access_token=9C62B2E85534DF210441664A2A4FF796
2026-06-17 14:27:04,021 - rwp_api_logger - INFO - url=http://rwp.dunhefund.com:6680/api/trade_manager/fund_unit/get_unit_asset_chart?access_token=9C62B2E85534DF210441664A2A4FF796, data={"fund_id": 568, "unit_id": 9122, "start_date": ""}
2026-06-17 14:27:04,148 - rwp_api_logger - INFO - response.status_code=200, response.text={"code":1,"message":"","unit_list":[{"unit_id":9122,"unit_name":"山海量化CTA平衡1号-场外银行间","name":"周经国","nav_list":[{"date":"2026-05-08","total_asset":0,"nav":0,"nav_acc":0,"unit_var":0,"dynamic_drawdown":-1,"occupy_deposit_balance":0,"enable_deposit_balance":0,"deposit_ratio":0,"otc_occupy_deposit_balance":0,"otc_enable_deposit_balance":0,"otc_deposit_ratio":0,"total_deposit_ratio":0,"today_profit":0,"total_profit":0,"today_profit_ratio":-1,"today_share":0,"total_asset_2":0,"nav_2":0,"today_share_2":0,"principal_amount_2":0}]}]}
2026-06-17 14:27:04,148 - rwp_api_logger - INFO - 调用成功
2026-06-17 14:27:25,559 - rwp_api_logger - INFO - 登陆成功，access_token=6180B01AE6ED06EC153D8FA7F0E9F837
2026-06-17 14:27:25,560 - rwp_api_logger - INFO - url=http://rwp.dunhefund.com:6680/api/trade_manager/fund_unit/get_unit_asset_chart?access_token=6180B01AE6ED06EC153D8FA7F0E9F837, data={"fund_id": 569, "unit_id": 9118, "start_date": "TODAY_DISPLAY"}
2026-06-17 14:27:25,659 - rwp_api_logger - INFO - response.status_code=200, response.text={"code":1,"message":"","unit_list":[{"unit_id":9118,"unit_name":"山海量化CTA进取1号-场外银行间","name":"周经国","nav_list":[{"date":"2026-05-08","total_asset":0,"nav":0,"nav_acc":0,"unit_var":0,"dynamic_drawdown":-1,"occupy_deposit_balance":0,"enable_deposit_balance":0,"deposit_ratio":0,"otc_occupy_deposit_balance":0,"otc_enable_deposit_balance":0,"otc_deposit_ratio":0,"total_deposit_ratio":0,"today_profit":0,"total_profit":0,"today_profit_ratio":-1,"today_share":0,"total_asset_2":0,"nav_2":0,"today_share_2":0,"principal_amount_2":0}]}]}
2026-06-17 14:27:25,659 - rwp_api_logger - INFO - 调用成功
2026-06-17 14:27:26,567 - rwp_api_logger - INFO - url=http://rwp.dunhefund.com:6680/api/trade_manager/fund_unit/get_unit_asset_chart?access_token=6180B01AE6ED06EC153D8FA7F0E9F837, data={"fund_id": 568, "unit_id": 9122, "start_date": "TODAY_DISPLAY"}
2026-06-17 14:27:26,643 - rwp_api_logger - INFO - response.status_code=200, response.text={"code":1,"message":"","unit_list":[{"unit_id":9122,"unit_name":"山海量化CTA平衡1号-场外银行间","name":"周经国","nav_list":[{"date":"2026-05-08","total_asset":0,"nav":0,"nav_acc":0,"unit_var":0,"dynamic_drawdown":-1,"occupy_deposit_balance":0,"enable_deposit_balance":0,"deposit_ratio":0,"otc_occupy_deposit_balance":0,"otc_enable_deposit_balance":0,"otc_deposit_ratio":0,"total_deposit_ratio":0,"today_profit":0,"total_profit":0,"today_profit_ratio":-1,"today_share":0,"total_asset_2":0,"nav_2":0,"today_share_2":0,"principal_amount_2":0}]}]}
2026-06-17 14:27:26,644 - rwp_api_logger - INFO - 调用成功
2026-06-17 14:27:27,223 - rwp_api_logger - INFO - url=http://rwp.dunhefund.com:6680/api/trade_manager/fund_unit/get_unit_asset_chart?access_token=6180B01AE6ED06EC153D8FA7F0E9F837, data={"fund_id": 568, "unit_id": 9122, "start_date": "TODAY_DISPLAY"}
2026-06-17 14:27:27,292 - rwp_api_logger - INFO - response.status_code=200, response.text={"code":1,"message":"","unit_list":[{"unit_id":9122,"unit_name":"山海量化CTA平衡1号-场外银行间","name":"周经国","nav_list":[{"date":"2026-05-08","total_asset":0,"nav":0,"nav_acc":0,"unit_var":0,"dynamic_drawdown":-1,"occupy_deposit_balance":0,"enable_deposit_balance":0,"deposit_ratio":0,"otc_occupy_deposit_balance":0,"otc_enable_deposit_balance":0,"otc_deposit_ratio":0,"total_deposit_ratio":0,"today_profit":0,"total_profit":0,"today_profit_ratio":-1,"today_share":0,"total_asset_2":0,"nav_2":0,"today_share_2":0,"principal_amount_2":0}]}]}
2026-06-17 14:27:27,293 - rwp_api_logger - INFO - 调用成功
2026-06-17 14:27:28,666 - rwp_api_logger - INFO - url=http://rwp.dunhefund.com:6680/api/trade_manager/fund_unit/get_unit_asset_chart?access_token=6180B01AE6ED06EC153D8FA7F0E9F837, data={"fund_id": 568, "unit_id": 9122, "start_date": "TODAY_DISPLAY"}
2026-06-17 14:27:28,757 - rwp_api_logger - INFO - response.status_code=200, response.text={"code":1,"message":"","unit_list":[{"unit_id":9122,"unit_name":"山海量化CTA平衡1号-场外银行间","name":"周经国","nav_list":[{"date":"2026-05-08","total_asset":0,"nav":0,"nav_acc":0,"unit_var":0,"dynamic_drawdown":-1,"occupy_deposit_balance":0,"enable_deposit_balance":0,"deposit_ratio":0,"otc_occupy_deposit_balance":0,"otc_enable_deposit_balance":0,"otc_deposit_ratio":0,"total_deposit_ratio":0,"today_profit":0,"total_profit":0,"today_profit_ratio":-1,"today_share":0,"total_asset_2":0,"nav_2":0,"today_share_2":0,"principal_amount_2":0}]}]}
2026-06-17 14:27:28,758 - rwp_api_logger - INFO - 调用成功
2026-06-17 14:27:30,877 - rwp_api_logger - INFO - url=http://rwp.dunhefund.com:6680/api/trade_manager/fund_unit/get_unit_asset_chart?access_token=6180B01AE6ED06EC153D8FA7F0E9F837, data={"fund_id": 568, "unit_id": 9122, "start_date": "TODAY_DISPLAY"}
2026-06-17 14:27:30,966 - rwp_api_logger - INFO - response.status_code=200, response.text={"code":1,"message":"","unit_list":[{"unit_id":9122,"unit_name":"山海量化CTA平衡1号-场外银行间","name":"周经国","nav_list":[{"date":"2026-05-08","total_asset":0,"nav":0,"nav_acc":0,"unit_var":0,"dynamic_drawdown":-1,"occupy_deposit_balance":0,"enable_deposit_balance":0,"deposit_ratio":0,"otc_occupy_deposit_balance":0,"otc_enable_deposit_balance":0,"otc_deposit_ratio":0,"total_deposit_ratio":0,"today_profit":0,"total_profit":0,"today_profit_ratio":-1,"today_share":0,"total_asset_2":0,"nav_2":0,"today_share_2":0,"principal_amount_2":0}]}]}
2026-06-17 14:27:30,967 - rwp_api_logger - INFO - 调用成功
2026-06-17 14:27:31,097 - rwp_api_logger - INFO - url=http://rwp.dunhefund.com:6680/api/trade_manager/fund_unit/get_unit_asset_chart?access_token=6180B01AE6ED06EC153D8FA7F0E9F837, data={"fund_id": 568, "unit_id": 9122, "start_date": "TODAY_DISPLAY"}
2026-06-17 14:27:31,209 - rwp_api_logger - INFO - response.status_code=200, response.text={"code":1,"message":"","unit_list":[{"unit_id":9122,"unit_name":"山海量化CTA平衡1号-场外银行间","name":"周经国","nav_list":[{"date":"2026-05-08","total_asset":0,"nav":0,"nav_acc":0,"unit_var":0,"dynamic_drawdown":-1,"occupy_deposit_balance":0,"enable_deposit_balance":0,"deposit_ratio":0,"otc_occupy_deposit_balance":0,"otc_enable_deposit_balance":0,"otc_deposit_ratio":0,"total_deposit_ratio":0,"today_profit":0,"total_profit":0,"today_profit_ratio":-1,"today_share":0,"total_asset_2":0,"nav_2":0,"today_share_2":0,"principal_amount_2":0}]}]}
2026-06-17 14:27:31,229 - rwp_api_logger - INFO - 调用成功
2026-06-17 14:27:31,374 - rwp_api_logger - INFO - url=http://rwp.dunhefund.com:6680/api/trade_manager/fund_unit/get_unit_asset_chart?access_token=6180B01AE6ED06EC153D8FA7F0E9F837, data={"fund_id": 568, "unit_id": 9122, "start_date": "TODAY_DISPLAY"}
2026-06-17 14:27:31,463 - rwp_api_logger - INFO - response.status_code=200, response.text={"code":1,"message":"","unit_list":[{"unit_id":9122,"unit_name":"山海量化CTA平衡1号-场外银行间","name":"周经国","nav_list":[{"date":"2026-05-08","total_asset":0,"nav":0,"nav_acc":0,"unit_var":0,"dynamic_drawdown":-1,"occupy_deposit_balance":0,"enable_deposit_balance":0,"deposit_ratio":0,"otc_occupy_deposit_balance":0,"otc_enable_deposit_balance":0,"otc_deposit_ratio":0,"total_deposit_ratio":0,"today_profit":0,"total_profit":0,"today_profit_ratio":-1,"today_share":0,"total_asset_2":0,"nav_2":0,"today_share_2":0,"principal_amount_2":0}]}]}
2026-06-17 14:27:31,463 - rwp_api_logger - INFO - 调用成功
2026-06-17 14:28:07,795 - rwp_api_logger - INFO - 登陆成功，access_token=FE927DE3FBA67CE323D722E8FE2FB6BB
2026-06-17 14:28:07,795 - rwp_api_logger - INFO - url=http://rwp.dunhefund.com:6680/api/trade_manager/fund_unit/get_unit_asset_chart?access_token=FE927DE3FBA67CE323D722E8FE2FB6BB, data={"fund_id": 568, "unit_id": 9122, "start_date": ""}
2026-06-17 14:28:07,863 - rwp_api_logger - INFO - response.status_code=200, response.text={"code":1,"message":"","unit_list":[{"unit_id":9122,"unit_name":"山海量化CTA平衡1号-场外银行间","name":"周经国","nav_list":[{"date":"2026-05-08","total_asset":0,"nav":0,"nav_acc":0,"unit_var":0,"dynamic_drawdown":-1,"occupy_deposit_balance":0,"enable_deposit_balance":0,"deposit_ratio":0,"otc_occupy_deposit_balance":0,"otc_enable_deposit_balance":0,"otc_deposit_ratio":0,"total_deposit_ratio":0,"today_profit":0,"total_profit":0,"today_profit_ratio":-1,"today_share":0,"total_asset_2":0,"nav_2":0,"today_share_2":0,"principal_amount_2":0}]}]}
2026-06-17 14:28:07,864 - rwp_api_logger - INFO - 调用成功
2026-06-17 14:28:09,675 - rwp_api_logger - INFO - 登陆成功，access_token=A14C6014E56E8EB68B53189B36E2B4C2
2026-06-17 14:28:09,675 - rwp_api_logger - INFO - url=http://rwp.dunhefund.com:6680/api/trade_manager/fund_unit/get_unit_asset_chart?access_token=A14C6014E56E8EB68B53189B36E2B4C2, data={"fund_id": 568, "unit_id": 9122, "start_date": ""}
2026-06-17 14:28:09,753 - rwp_api_logger - INFO - response.status_code=200, response.text={"code":1,"message":"","unit_list":[{"unit_id":9122,"unit_name":"山海量化CTA平衡1号-场外银行间","name":"周经国","nav_list":[{"date":"2026-05-08","total_asset":0,"nav":0,"nav_acc":0,"unit_var":0,"dynamic_drawdown":-1,"occupy_deposit_balance":0,"enable_deposit_balance":0,"deposit_ratio":0,"otc_occupy_deposit_balance":0,"otc_enable_deposit_balance":0,"otc_deposit_ratio":0,"total_deposit_ratio":0,"today_profit":0,"total_profit":0,"today_profit_ratio":-1,"today_share":0,"total_asset_2":0,"nav_2":0,"today_share_2":0,"principal_amount_2":0}]}]}
2026-06-17 14:28:09,753 - rwp_api_logger - INFO - 调用成功
2026-06-17 14:32:25,515 - rwp_api_logger - INFO - 登陆成功，access_token=CF8E46DC8501E6F6F10B17E1C0A0F725
2026-06-17 14:32:25,515 - rwp_api_logger - INFO - url=http://rwp.dunhefund.com:6680/api/trade_manager/fund_unit/get_unit_asset_chart?access_token=CF8E46DC8501E6F6F10B17E1C0A0F725, data={"fund_id": 569, "unit_id": 9118, "start_date": ""}
2026-06-17 14:32:25,584 - rwp_api_logger - INFO - response.status_code=200, response.text={"code":1,"message":"","unit_list":[{"unit_id":9118,"unit_name":"山海量化CTA进取1号-场外银行间","name":"周经国","nav_list":[{"date":"2026-05-08","total_asset":0,"nav":0,"nav_acc":0,"unit_var":0,"dynamic_drawdown":-1,"occupy_deposit_balance":0,"enable_deposit_balance":0,"deposit_ratio":0,"otc_occupy_deposit_balance":0,"otc_enable_deposit_balance":0,"otc_deposit_ratio":0,"total_deposit_ratio":0,"today_profit":0,"total_profit":0,"today_profit_ratio":-1,"today_share":0,"total_asset_2":0,"nav_2":0,"today_share_2":0,"principal_amount_2":0}]}]}
2026-06-17 14:32:25,584 - rwp_api_logger - INFO - 调用成功
2026-06-17 14:32:31,535 - rwp_api_logger - INFO - 登陆成功，access_token=44977FEE61C28F1395EB739EFE3F15BC
2026-06-17 14:32:31,535 - rwp_api_logger - INFO - url=http://rwp.dunhefund.com:6680/api/trade_manager/fund_unit/get_unit_asset_chart?access_token=44977FEE61C28F1395EB739EFE3F15BC, data={"fund_id": 569, "unit_id": 9118, "start_date": ""}
2026-06-17 14:32:31,641 - rwp_api_logger - INFO - response.status_code=200, response.text={"code":1,"message":"","unit_list":[{"unit_id":9118,"unit_name":"山海量化CTA进取1号-场外银行间","name":"周经国","nav_list":[{"date":"2026-05-08","total_asset":0,"nav":0,"nav_acc":0,"unit_var":0,"dynamic_drawdown":-1,"occupy_deposit_balance":0,"enable_deposit_balance":0,"deposit_ratio":0,"otc_occupy_deposit_balance":0,"otc_enable_deposit_balance":0,"otc_deposit_ratio":0,"total_deposit_ratio":0,"today_profit":0,"total_profit":0,"today_profit_ratio":-1,"today_share":0,"total_asset_2":0,"nav_2":0,"today_share_2":0,"principal_amount_2":0}]}]}
2026-06-17 14:32:31,641 - rwp_api_logger - INFO - 调用成功
2026-06-17 14:33:02,209 - rwp_api_logger - INFO - 登陆成功，access_token=AADBB0275E8FEDD0929BAD056790E750
2026-06-17 14:33:02,210 - rwp_api_logger - INFO - url=http://rwp.dunhefund.com:6680/api/trade_manager/fund_unit/get_unit_asset_chart?access_token=AADBB0275E8FEDD0929BAD056790E750, data={"fund_id": 568, "unit_id": 9122, "start_date": ""}
2026-06-17 14:33:02,276 - rwp_api_logger - INFO - response.status_code=200, response.text={"code":1,"message":"","unit_list":[{"unit_id":9122,"unit_name":"山海量化CTA平衡1号-场外银行间","name":"周经国","nav_list":[{"date":"2026-05-08","total_asset":0,"nav":0,"nav_acc":0,"unit_var":0,"dynamic_drawdown":-1,"occupy_deposit_balance":0,"enable_deposit_balance":0,"deposit_ratio":0,"otc_occupy_deposit_balance":0,"otc_enable_deposit_balance":0,"otc_deposit_ratio":0,"total_deposit_ratio":0,"today_profit":0,"total_profit":0,"today_profit_ratio":-1,"today_share":0,"total_asset_2":0,"nav_2":0,"today_share_2":0,"principal_amount_2":0}]}]}
2026-06-17 14:33:02,276 - rwp_api_logger - INFO - 调用成功
2026-06-17 14:33:32,121 - rwp_api_logger - INFO - 登陆成功，access_token=7A784AE57B0A6668C5A9A0D23EBFC02D
2026-06-17 14:33:32,121 - rwp_api_logger - INFO - url=http://rwp.dunhefund.com:6680/api/trade_manager/fund_unit/get_unit_asset_chart?access_token=7A784AE57B0A6668C5A9A0D23EBFC02D, data={"fund_id": 568, "unit_id": 9122, "start_date": "TODAY_DATE"}
2026-06-17 14:33:32,243 - rwp_api_logger - INFO - response.status_code=200, response.text={"code":1,"message":"","unit_list":[{"unit_id":9122,"unit_name":"山海量化CTA平衡1号-场外银行间","name":"周经国","nav_list":[{"date":"2026-05-08","total_asset":0,"nav":0,"nav_acc":0,"unit_var":0,"dynamic_drawdown":-1,"occupy_deposit_balance":0,"enable_deposit_balance":0,"deposit_ratio":0,"otc_occupy_deposit_balance":0,"otc_enable_deposit_balance":0,"otc_deposit_ratio":0,"total_deposit_ratio":0,"today_profit":0,"total_profit":0,"today_profit_ratio":-1,"today_share":0,"total_asset_2":0,"nav_2":0,"today_share_2":0,"principal_amount_2":0}]}]}
2026-06-17 14:33:32,243 - rwp_api_logger - INFO - 调用成功
2026-06-17 14:33:34,896 - rwp_api_logger - INFO - 登陆成功，access_token=87FA1ECFAB80676CAA7DEEBF5BF9D867
2026-06-17 14:33:34,896 - rwp_api_logger - INFO - url=http://rwp.dunhefund.com:6680/api/trade_manager/fund_unit/get_unit_asset_chart?access_token=87FA1ECFAB80676CAA7DEEBF5BF9D867, data={"fund_id": 568, "unit_id": 9122, "start_date": "TODAY_DATE"}
2026-06-17 14:33:34,977 - rwp_api_logger - INFO - response.status_code=200, response.text={"code":1,"message":"","unit_list":[{"unit_id":9122,"unit_name":"山海量化CTA平衡1号-场外银行间","name":"周经国","nav_list":[{"date":"2026-05-08","total_asset":0,"nav":0,"nav_acc":0,"unit_var":0,"dynamic_drawdown":-1,"occupy_deposit_balance":0,"enable_deposit_balance":0,"deposit_ratio":0,"otc_occupy_deposit_balance":0,"otc_enable_deposit_balance":0,"otc_deposit_ratio":0,"total_deposit_ratio":0,"today_profit":0,"total_profit":0,"today_profit_ratio":-1,"today_share":0,"total_asset_2":0,"nav_2":0,"today_share_2":0,"principal_amount_2":0}]}]}
2026-06-17 14:33:34,978 - rwp_api_logger - INFO - 调用成功
2026-06-17 14:33:38,501 - rwp_api_logger - INFO - 登陆成功，access_token=F34F5675D9B9143765AACA6348AC2873
2026-06-17 14:33:38,502 - rwp_api_logger - INFO - url=http://rwp.dunhefund.com:6680/api/trade_manager/fund_unit/get_unit_asset_chart?access_token=F34F5675D9B9143765AACA6348AC2873, data={"fund_id": 568, "unit_id": 9122, "start_date": ":TODAY_DATE"}
2026-06-17 14:33:38,603 - rwp_api_logger - INFO - response.status_code=200, response.text={"code":1,"message":"","unit_list":[{"unit_id":9122,"unit_name":"山海量化CTA平衡1号-场外银行间","name":"周经国","nav_list":[{"date":"2026-05-08","total_asset":0,"nav":0,"nav_acc":0,"unit_var":0,"dynamic_drawdown":-1,"occupy_deposit_balance":0,"enable_deposit_balance":0,"deposit_ratio":0,"otc_occupy_deposit_balance":0,"otc_enable_deposit_balance":0,"otc_deposit_ratio":0,"total_deposit_ratio":0,"today_profit":0,"total_profit":0,"today_profit_ratio":-1,"today_share":0,"total_asset_2":0,"nav_2":0,"today_share_2":0,"principal_amount_2":0}]}]}
2026-06-17 14:33:38,603 - rwp_api_logger - INFO - 调用成功
2026-06-17 14:33:58,617 - rwp_api_logger - INFO - 登陆成功，access_token=6628FB37BCBF614929A4A258CD5BEF63
2026-06-17 14:33:58,618 - rwp_api_logger - INFO - url=http://rwp.dunhefund.com:6680/api/trade_manager/fund_unit/get_unit_asset_chart?access_token=6628FB37BCBF614929A4A258CD5BEF63, data={"fund_id": 568, "unit_id": 9122, "start_date": ":TODAY_DISPLAY"}
2026-06-17 14:33:58,700 - rwp_api_logger - INFO - response.status_code=200, response.text={"code":1,"message":"","unit_list":[{"unit_id":9122,"unit_name":"山海量化CTA平衡1号-场外银行间","name":"周经国","nav_list":[{"date":"2026-05-08","total_asset":0,"nav":0,"nav_acc":0,"unit_var":0,"dynamic_drawdown":-1,"occupy_deposit_balance":0,"enable_deposit_balance":0,"deposit_ratio":0,"otc_occupy_deposit_balance":0,"otc_enable_deposit_balance":0,"otc_deposit_ratio":0,"total_deposit_ratio":0,"today_profit":0,"total_profit":0,"today_profit_ratio":-1,"today_share":0,"total_asset_2":0,"nav_2":0,"today_share_2":0,"principal_amount_2":0}]}]}
2026-06-17 14:33:58,700 - rwp_api_logger - INFO - 调用成功
2026-06-17 14:34:00,513 - rwp_api_logger - INFO - 登陆成功，access_token=813AEE571A57E92DD630F7DF8969A905
2026-06-17 14:34:00,514 - rwp_api_logger - INFO - url=http://rwp.dunhefund.com:6680/api/trade_manager/fund_unit/get_unit_asset_chart?access_token=813AEE571A57E92DD630F7DF8969A905, data={"fund_id": 568, "unit_id": 9122, "start_date": ":TODAY_DISPLAY"}
2026-06-17 14:34:00,589 - rwp_api_logger - INFO - response.status_code=200, response.text={"code":1,"message":"","unit_list":[{"unit_id":9122,"unit_name":"山海量化CTA平衡1号-场外银行间","name":"周经国","nav_list":[{"date":"2026-05-08","total_asset":0,"nav":0,"nav_acc":0,"unit_var":0,"dynamic_drawdown":-1,"occupy_deposit_balance":0,"enable_deposit_balance":0,"deposit_ratio":0,"otc_occupy_deposit_balance":0,"otc_enable_deposit_balance":0,"otc_deposit_ratio":0,"total_deposit_ratio":0,"today_profit":0,"total_profit":0,"today_profit_ratio":-1,"today_share":0,"total_asset_2":0,"nav_2":0,"today_share_2":0,"principal_amount_2":0}]}]}
2026-06-17 14:34:00,589 - rwp_api_logger - INFO - 调用成功
2026-06-17 14:34:01,539 - rwp_api_logger - INFO - 登陆成功，access_token=7D5690A5EB6099B80166C07AC76D846B
2026-06-17 14:34:01,540 - rwp_api_logger - INFO - url=http://rwp.dunhefund.com:6680/api/trade_manager/fund_unit/get_unit_asset_chart?access_token=7D5690A5EB6099B80166C07AC76D846B, data={"fund_id": 568, "unit_id": 9122, "start_date": ":TODAY_DISPLAY"}
2026-06-17 14:34:01,612 - rwp_api_logger - INFO - response.status_code=200, response.text={"code":1,"message":"","unit_list":[{"unit_id":9122,"unit_name":"山海量化CTA平衡1号-场外银行间","name":"周经国","nav_list":[{"date":"2026-05-08","total_asset":0,"nav":0,"nav_acc":0,"unit_var":0,"dynamic_drawdown":-1,"occupy_deposit_balance":0,"enable_deposit_balance":0,"deposit_ratio":0,"otc_occupy_deposit_balance":0,"otc_enable_deposit_balance":0,"otc_deposit_ratio":0,"total_deposit_ratio":0,"today_profit":0,"total_profit":0,"today_profit_ratio":-1,"today_share":0,"total_asset_2":0,"nav_2":0,"today_share_2":0,"principal_amount_2":0}]}]}
2026-06-17 14:34:01,613 - rwp_api_logger - INFO - 调用成功
2026-06-17 14:34:13,543 - rwp_api_logger - INFO - 登陆成功，access_token=2E3D3342F7A12F770962AF1506A79AD9
2026-06-17 14:34:13,543 - rwp_api_logger - INFO - url=http://rwp.dunhefund.com:6680/api/trade_manager/fund_unit/get_unit_asset_chart?access_token=2E3D3342F7A12F770962AF1506A79AD9, data={"fund_id": 568, "unit_id": 9122, "start_date": 20260617}
2026-06-17 14:34:13,613 - rwp_api_logger - INFO - response.status_code=200, response.text={"code":1,"message":"","unit_list":[{"unit_id":9122,"unit_name":"山海量化CTA平衡1号-场外银行间","name":"周经国","nav_list":[{"date":"2026-06-17","total_asset":2891.34,"nav":0,"nav_acc":0,"unit_var":0,"dynamic_drawdown":-1,"occupy_deposit_balance":0,"enable_deposit_balance":0,"deposit_ratio":0,"otc_occupy_deposit_balance":0,"otc_enable_deposit_balance":0,"otc_deposit_ratio":0,"total_deposit_ratio":0,"today_profit":0,"total_profit":0,"today_profit_ratio":-1,"today_share":0,"total_asset_2":0,"nav_2":0,"today_share_2":0,"principal_amount_2":0}]}]}
2026-06-17 14:34:13,613 - rwp_api_logger - INFO - 调用成功
2026-06-17 14:35:23,305 - rwp_api_logger - INFO - 登陆成功，access_token=430C0C6C12769CAE22659674A1BD4B39
2026-06-17 14:35:23,306 - rwp_api_logger - INFO - url=http://rwp.dunhefund.com:6680/api/trade_manager/fund_unit/get_unit_asset_chart?access_token=430C0C6C12769CAE22659674A1BD4B39, data={"fund_id": 568, "unit_id": 9122, "start_date": "TODAY_DISPLAY"}
2026-06-17 14:35:23,380 - rwp_api_logger - INFO - response.status_code=200, response.text={"code":1,"message":"","unit_list":[{"unit_id":9122,"unit_name":"山海量化CTA平衡1号-场外银行间","name":"周经国","nav_list":[{"date":"2026-05-08","total_asset":0,"nav":0,"nav_acc":0,"unit_var":0,"dynamic_drawdown":-1,"occupy_deposit_balance":0,"enable_deposit_balance":0,"deposit_ratio":0,"otc_occupy_deposit_balance":0,"otc_enable_deposit_balance":0,"otc_deposit_ratio":0,"total_deposit_ratio":0,"today_profit":0,"total_profit":0,"today_profit_ratio":-1,"today_share":0,"total_asset_2":0,"nav_2":0,"today_share_2":0,"principal_amount_2":0}]}]}
2026-06-17 14:35:23,380 - rwp_api_logger - INFO - 调用成功
2026-06-17 14:38:06,597 - rwp_api_logger - INFO - 登陆成功，access_token=E37DC3E3882809FDDD139C48AA03D687
2026-06-17 14:38:06,598 - rwp_api_logger - INFO - url=http://rwp.dunhefund.com:6680/api/trade_manager/fund_unit/get_unit_asset_chart?access_token=E37DC3E3882809FDDD139C48AA03D687, data={"fund_id": 568, "unit_id": 9122, "start_date": "TODAY_DISPLAY"}
2026-06-17 14:38:06,675 - rwp_api_logger - INFO - response.status_code=200, response.text={"code":1,"message":"","unit_list":[{"unit_id":9122,"unit_name":"山海量化CTA平衡1号-场外银行间","name":"周经国","nav_list":[{"date":"2026-05-08","total_asset":0,"nav":0,"nav_acc":0,"unit_var":0,"dynamic_drawdown":-1,"occupy_deposit_balance":0,"enable_deposit_balance":0,"deposit_ratio":0,"otc_occupy_deposit_balance":0,"otc_enable_deposit_balance":0,"otc_deposit_ratio":0,"total_deposit_ratio":0,"today_profit":0,"total_profit":0,"today_profit_ratio":-1,"today_share":0,"total_asset_2":0,"nav_2":0,"today_share_2":0,"principal_amount_2":0}]}]}
2026-06-17 14:38:06,676 - rwp_api_logger - INFO - 调用成功
2026-06-17 14:38:11,966 - rwp_api_logger - INFO - 登陆成功，access_token=0EE3CB236F21C9168EDFF338D08AC330
2026-06-17 14:38:11,967 - rwp_api_logger - INFO - url=http://rwp.dunhefund.com:6680/api/trade_manager/fund_unit/get_unit_asset_chart?access_token=0EE3CB236F21C9168EDFF338D08AC330, data={"fund_id": 568, "unit_id": 9122, "start_date": "TODAY_DISPLAY"}
2026-06-17 14:38:12,089 - rwp_api_logger - INFO - response.status_code=200, response.text={"code":1,"message":"","unit_list":[{"unit_id":9122,"unit_name":"山海量化CTA平衡1号-场外银行间","name":"周经国","nav_list":[{"date":"2026-05-08","total_asset":0,"nav":0,"nav_acc":0,"unit_var":0,"dynamic_drawdown":-1,"occupy_deposit_balance":0,"enable_deposit_balance":0,"deposit_ratio":0,"otc_occupy_deposit_balance":0,"otc_enable_deposit_balance":0,"otc_deposit_ratio":0,"total_deposit_ratio":0,"today_profit":0,"total_profit":0,"today_profit_ratio":-1,"today_share":0,"total_asset_2":0,"nav_2":0,"today_share_2":0,"principal_amount_2":0}]}]}
2026-06-17 14:38:12,089 - rwp_api_logger - INFO - 调用成功
2026-06-17 14:38:13,738 - rwp_api_logger - INFO - 登陆成功，access_token=1E85DAC4A824442D5851277E0DEC9AA0
2026-06-17 14:38:13,739 - rwp_api_logger - INFO - url=http://rwp.dunhefund.com:6680/api/trade_manager/fund_unit/get_unit_asset_chart?access_token=1E85DAC4A824442D5851277E0DEC9AA0, data={"fund_id": 568, "unit_id": 9122, "start_date": "TODAY_DISPLAY"}
2026-06-17 14:38:13,834 - rwp_api_logger - INFO - response.status_code=200, response.text={"code":1,"message":"","unit_list":[{"unit_id":9122,"unit_name":"山海量化CTA平衡1号-场外银行间","name":"周经国","nav_list":[{"date":"2026-05-08","total_asset":0,"nav":0,"nav_acc":0,"unit_var":0,"dynamic_drawdown":-1,"occupy_deposit_balance":0,"enable_deposit_balance":0,"deposit_ratio":0,"otc_occupy_deposit_balance":0,"otc_enable_deposit_balance":0,"otc_deposit_ratio":0,"total_deposit_ratio":0,"today_profit":0,"total_profit":0,"today_profit_ratio":-1,"today_share":0,"total_asset_2":0,"nav_2":0,"today_share_2":0,"principal_amount_2":0}]}]}
2026-06-17 14:38:13,835 - rwp_api_logger - INFO - 调用成功
2026-06-17 14:38:21,452 - rwp_api_logger - INFO - 登陆成功，access_token=D837F9E4C911D267286E41FA153F915A
2026-06-17 14:38:21,452 - rwp_api_logger - INFO - url=http://rwp.dunhefund.com:6680/api/trade_manager/fund_unit/get_unit_asset_chart?access_token=D837F9E4C911D267286E41FA153F915A, data={"fund_id": 568, "unit_id": 9122, "start_date": 20260617}
2026-06-17 14:38:21,533 - rwp_api_logger - INFO - response.status_code=200, response.text={"code":1,"message":"","unit_list":[{"unit_id":9122,"unit_name":"山海量化CTA平衡1号-场外银行间","name":"周经国","nav_list":[{"date":"2026-06-17","total_asset":2891.34,"nav":0,"nav_acc":0,"unit_var":0,"dynamic_drawdown":-1,"occupy_deposit_balance":0,"enable_deposit_balance":0,"deposit_ratio":0,"otc_occupy_deposit_balance":0,"otc_enable_deposit_balance":0,"otc_deposit_ratio":0,"total_deposit_ratio":0,"today_profit":0,"total_profit":0,"today_profit_ratio":-1,"today_share":0,"total_asset_2":0,"nav_2":0,"today_share_2":0,"principal_amount_2":0}]}]}
2026-06-17 14:38:21,533 - rwp_api_logger - INFO - 调用成功
2026-06-17 14:43:19,405 - rwp_api_logger - INFO - 登陆成功，access_token=53CE3B6F15A1F58891DC33EE928AB9B4
2026-06-17 14:43:19,405 - rwp_api_logger - INFO - url=http://rwp.dunhefund.com:6680/api/trade_manager/fund_unit/get_unit_asset_chart?access_token=53CE3B6F15A1F58891DC33EE928AB9B4, data={"fund_id": 569, "unit_id": 9118, "start_date": "20260617"}
2026-06-17 14:43:19,495 - rwp_api_logger - INFO - response.status_code=200, response.text={"code":1,"message":"","unit_list":[{"unit_id":9118,"unit_name":"山海量化CTA进取1号-场外银行间","name":"周经国","nav_list":[{"date":"2026-06-17","total_asset":1072661.33,"nav":0,"nav_acc":0,"unit_var":0,"dynamic_drawdown":-1,"occupy_deposit_balance":0,"enable_deposit_balance":0,"deposit_ratio":0,"otc_occupy_deposit_balance":0,"otc_enable_deposit_balance":0,"otc_deposit_ratio":0,"total_deposit_ratio":0,"today_profit":0,"total_profit":0,"today_profit_ratio":-1,"today_share":0,"total_asset_2":0,"nav_2":0,"today_share_2":0,"principal_amount_2":0}]}]}
2026-06-17 14:43:19,495 - rwp_api_logger - INFO - 调用成功
2026-06-17 14:43:20,165 - rwp_api_logger - INFO - url=http://rwp.dunhefund.com:6680/api/trade_manager/fund_unit/get_unit_asset_chart?access_token=53CE3B6F15A1F58891DC33EE928AB9B4, data={"fund_id": 568, "unit_id": 9122, "start_date": "20260617"}
2026-06-17 14:43:20,300 - rwp_api_logger - INFO - response.status_code=200, response.text={"code":1,"message":"","unit_list":[{"unit_id":9122,"unit_name":"山海量化CTA平衡1号-场外银行间","name":"周经国","nav_list":[{"date":"2026-06-17","total_asset":2891.34,"nav":0,"nav_acc":0,"unit_var":0,"dynamic_drawdown":-1,"occupy_deposit_balance":0,"enable_deposit_balance":0,"deposit_ratio":0,"otc_occupy_deposit_balance":0,"otc_enable_deposit_balance":0,"otc_deposit_ratio":0,"total_deposit_ratio":0,"today_profit":0,"total_profit":0,"today_profit_ratio":-1,"today_share":0,"total_asset_2":0,"nav_2":0,"today_share_2":0,"principal_amount_2":0}]}]}
2026-06-17 14:43:20,300 - rwp_api_logger - INFO - 调用成功
2026-06-17 14:43:20,997 - rwp_api_logger - INFO - url=http://rwp.dunhefund.com:6680/api/trade_manager/fund_unit/get_unit_asset_chart?access_token=53CE3B6F15A1F58891DC33EE928AB9B4, data={"fund_id": 568, "unit_id": 9122, "start_date": "20260617"}
2026-06-17 14:43:21,098 - rwp_api_logger - INFO - response.status_code=200, response.text={"code":1,"message":"","unit_list":[{"unit_id":9122,"unit_name":"山海量化CTA平衡1号-场外银行间","name":"周经国","nav_list":[{"date":"2026-06-17","total_asset":2891.34,"nav":0,"nav_acc":0,"unit_var":0,"dynamic_drawdown":-1,"occupy_deposit_balance":0,"enable_deposit_balance":0,"deposit_ratio":0,"otc_occupy_deposit_balance":0,"otc_enable_deposit_balance":0,"otc_deposit_ratio":0,"total_deposit_ratio":0,"today_profit":0,"total_profit":0,"today_profit_ratio":-1,"today_share":0,"total_asset_2":0,"nav_2":0,"today_share_2":0,"principal_amount_2":0}]}]}
2026-06-17 14:43:21,099 - rwp_api_logger - INFO - 调用成功
2026-06-17 14:43:22,480 - rwp_api_logger - INFO - url=http://rwp.dunhefund.com:6680/api/trade_manager/fund_unit/get_unit_asset_chart?access_token=53CE3B6F15A1F58891DC33EE928AB9B4, data={"fund_id": 568, "unit_id": 9122, "start_date": "20260617"}
2026-06-17 14:43:22,550 - rwp_api_logger - INFO - response.status_code=200, response.text={"code":1,"message":"","unit_list":[{"unit_id":9122,"unit_name":"山海量化CTA平衡1号-场外银行间","name":"周经国","nav_list":[{"date":"2026-06-17","total_asset":2891.34,"nav":0,"nav_acc":0,"unit_var":0,"dynamic_drawdown":-1,"occupy_deposit_balance":0,"enable_deposit_balance":0,"deposit_ratio":0,"otc_occupy_deposit_balance":0,"otc_enable_deposit_balance":0,"otc_deposit_ratio":0,"total_deposit_ratio":0,"today_profit":0,"total_profit":0,"today_profit_ratio":-1,"today_share":0,"total_asset_2":0,"nav_2":0,"today_share_2":0,"principal_amount_2":0}]}]}
2026-06-17 14:43:22,551 - rwp_api_logger - INFO - 调用成功
2026-06-17 14:43:23,985 - rwp_api_logger - INFO - url=http://rwp.dunhefund.com:6680/api/trade_manager/fund_unit/get_unit_asset_chart?access_token=53CE3B6F15A1F58891DC33EE928AB9B4, data={"fund_id": 568, "unit_id": 9122, "start_date": "20260617"}
2026-06-17 14:43:24,182 - rwp_api_logger - INFO - response.status_code=200, response.text={"code":1,"message":"","unit_list":[{"unit_id":9122,"unit_name":"山海量化CTA平衡1号-场外银行间","name":"周经国","nav_list":[{"date":"2026-06-17","total_asset":2891.34,"nav":0,"nav_acc":0,"unit_var":0,"dynamic_drawdown":-1,"occupy_deposit_balance":0,"enable_deposit_balance":0,"deposit_ratio":0,"otc_occupy_deposit_balance":0,"otc_enable_deposit_balance":0,"otc_deposit_ratio":0,"total_deposit_ratio":0,"today_profit":0,"total_profit":0,"today_profit_ratio":-1,"today_share":0,"total_asset_2":0,"nav_2":0,"today_share_2":0,"principal_amount_2":0}]}]}
2026-06-17 14:43:24,183 - rwp_api_logger - INFO - 调用成功
2026-06-17 14:43:24,288 - rwp_api_logger - INFO - url=http://rwp.dunhefund.com:6680/api/trade_manager/fund_unit/get_unit_asset_chart?access_token=53CE3B6F15A1F58891DC33EE928AB9B4, data={"fund_id": 568, "unit_id": 9122, "start_date": "20260617"}
2026-06-17 14:43:24,381 - rwp_api_logger - INFO - response.status_code=200, response.text={"code":1,"message":"","unit_list":[{"unit_id":9122,"unit_name":"山海量化CTA平衡1号-场外银行间","name":"周经国","nav_list":[{"date":"2026-06-17","total_asset":2891.34,"nav":0,"nav_acc":0,"unit_var":0,"dynamic_drawdown":-1,"occupy_deposit_balance":0,"enable_deposit_balance":0,"deposit_ratio":0,"otc_occupy_deposit_balance":0,"otc_enable_deposit_balance":0,"otc_deposit_ratio":0,"total_deposit_ratio":0,"today_profit":0,"total_profit":0,"today_profit_ratio":-1,"today_share":0,"total_asset_2":0,"nav_2":0,"today_share_2":0,"principal_amount_2":0}]}]}
2026-06-17 14:43:24,382 - rwp_api_logger - INFO - 调用成功
2026-06-17 14:43:24,552 - rwp_api_logger - INFO - url=http://rwp.dunhefund.com:6680/api/trade_manager/fund_unit/get_unit_asset_chart?access_token=53CE3B6F15A1F58891DC33EE928AB9B4, data={"fund_id": 568, "unit_id": 9122, "start_date": "20260617"}
2026-06-17 14:43:24,661 - rwp_api_logger - INFO - response.status_code=200, response.text={"code":1,"message":"","unit_list":[{"unit_id":9122,"unit_name":"山海量化CTA平衡1号-场外银行间","name":"周经国","nav_list":[{"date":"2026-06-17","total_asset":2891.34,"nav":0,"nav_acc":0,"unit_var":0,"dynamic_drawdown":-1,"occupy_deposit_balance":0,"enable_deposit_balance":0,"deposit_ratio":0,"otc_occupy_deposit_balance":0,"otc_enable_deposit_balance":0,"otc_deposit_ratio":0,"total_deposit_ratio":0,"today_profit":0,"total_profit":0,"today_profit_ratio":-1,"today_share":0,"total_asset_2":0,"nav_2":0,"today_share_2":0,"principal_amount_2":0}]}]}
2026-06-17 14:43:24,661 - rwp_api_logger - INFO - 调用成功
2026-06-17 14:53:44,875 - rwp_api_logger - INFO - 登陆成功，access_token=B13F9093DED53A04F428838A5896434F
2026-06-17 14:53:44,883 - rwp_api_logger - INFO - url=http://rwp.dunhefund.com:6680/api/trade_manager/fund_unit/get_unit_asset_chart?access_token=B13F9093DED53A04F428838A5896434F, data={"fund_id": 569, "unit_id": 9118, "start_date": "20260617"}
2026-06-17 14:53:45,035 - rwp_api_logger - INFO - response.status_code=200, response.text={"code":1,"message":"","unit_list":[{"unit_id":9118,"unit_name":"山海量化CTA进取1号-场外银行间","name":"周经国","nav_list":[{"date":"2026-06-17","total_asset":1072661.33,"nav":0,"nav_acc":0,"unit_var":0,"dynamic_drawdown":-1,"occupy_deposit_balance":0,"enable_deposit_balance":0,"deposit_ratio":0,"otc_occupy_deposit_balance":0,"otc_enable_deposit_balance":0,"otc_deposit_ratio":0,"total_deposit_ratio":0,"today_profit":0,"total_profit":0,"today_profit_ratio":-1,"today_share":0,"total_asset_2":0,"nav_2":0,"today_share_2":0,"principal_amount_2":0}]}]}
2026-06-17 14:53:45,039 - rwp_api_logger - INFO - 调用成功
2026-06-17 14:53:49,495 - rwp_api_logger - INFO - url=http://rwp.dunhefund.com:6680/api/trade_manager/fund_unit/get_unit_asset_chart?access_token=B13F9093DED53A04F428838A5896434F, data={"fund_id": 568, "unit_id": 9122, "start_date": "20260617"}
2026-06-17 14:53:49,650 - rwp_api_logger - INFO - response.status_code=200, response.text={"code":1,"message":"","unit_list":[{"unit_id":9122,"unit_name":"山海量化CTA平衡1号-场外银行间","name":"周经国","nav_list":[{"date":"2026-06-17","total_asset":2891.34,"nav":0,"nav_acc":0,"unit_var":0,"dynamic_drawdown":-1,"occupy_deposit_balance":0,"enable_deposit_balance":0,"deposit_ratio":0,"otc_occupy_deposit_balance":0,"otc_enable_deposit_balance":0,"otc_deposit_ratio":0,"total_deposit_ratio":0,"today_profit":0,"total_profit":0,"today_profit_ratio":-1,"today_share":0,"total_asset_2":0,"nav_2":0,"today_share_2":0,"principal_amount_2":0}]}]}
2026-06-17 14:53:49,653 - rwp_api_logger - INFO - 调用成功
2026-06-17 14:53:53,932 - rwp_api_logger - INFO - url=http://rwp.dunhefund.com:6680/api/trade_manager/fund_unit/get_unit_asset_chart?access_token=B13F9093DED53A04F428838A5896434F, data={"fund_id": 568, "unit_id": 9122, "start_date": "20260617"}
2026-06-17 14:53:54,124 - rwp_api_logger - INFO - response.status_code=200, response.text={"code":1,"message":"","unit_list":[{"unit_id":9122,"unit_name":"山海量化CTA平衡1号-场外银行间","name":"周经国","nav_list":[{"date":"2026-06-17","total_asset":2891.34,"nav":0,"nav_acc":0,"unit_var":0,"dynamic_drawdown":-1,"occupy_deposit_balance":0,"enable_deposit_balance":0,"deposit_ratio":0,"otc_occupy_deposit_balance":0,"otc_enable_deposit_balance":0,"otc_deposit_ratio":0,"total_deposit_ratio":0,"today_profit":0,"total_profit":0,"today_profit_ratio":-1,"today_share":0,"total_asset_2":0,"nav_2":0,"today_share_2":0,"principal_amount_2":0}]}]}
2026-06-17 14:53:54,126 - rwp_api_logger - INFO - 调用成功
2026-06-17 14:53:58,540 - rwp_api_logger - INFO - url=http://rwp.dunhefund.com:6680/api/trade_manager/fund_unit/get_unit_asset_chart?access_token=B13F9093DED53A04F428838A5896434F, data={"fund_id": 568, "unit_id": 9122, "start_date": "20260617"}
2026-06-17 14:53:58,635 - rwp_api_logger - INFO - response.status_code=200, response.text={"code":1,"message":"","unit_list":[{"unit_id":9122,"unit_name":"山海量化CTA平衡1号-场外银行间","name":"周经国","nav_list":[{"date":"2026-06-17","total_asset":2891.34,"nav":0,"nav_acc":0,"unit_var":0,"dynamic_drawdown":-1,"occupy_deposit_balance":0,"enable_deposit_balance":0,"deposit_ratio":0,"otc_occupy_deposit_balance":0,"otc_enable_deposit_balance":0,"otc_deposit_ratio":0,"total_deposit_ratio":0,"today_profit":0,"total_profit":0,"today_profit_ratio":-1,"today_share":0,"total_asset_2":0,"nav_2":0,"today_share_2":0,"principal_amount_2":0}]}]}
2026-06-17 14:53:58,636 - rwp_api_logger - INFO - 调用成功
2026-06-17 14:54:03,504 - rwp_api_logger - INFO - url=http://rwp.dunhefund.com:6680/api/trade_manager/fund_unit/get_unit_asset_chart?access_token=B13F9093DED53A04F428838A5896434F, data={"fund_id": 568, "unit_id": 9122, "start_date": "20260617"}
2026-06-17 14:54:03,616 - rwp_api_logger - INFO - response.status_code=200, response.text={"code":1,"message":"","unit_list":[{"unit_id":9122,"unit_name":"山海量化CTA平衡1号-场外银行间","name":"周经国","nav_list":[{"date":"2026-06-17","total_asset":2891.34,"nav":0,"nav_acc":0,"unit_var":0,"dynamic_drawdown":-1,"occupy_deposit_balance":0,"enable_deposit_balance":0,"deposit_ratio":0,"otc_occupy_deposit_balance":0,"otc_enable_deposit_balance":0,"otc_deposit_ratio":0,"total_deposit_ratio":0,"today_profit":0,"total_profit":0,"today_profit_ratio":-1,"today_share":0,"total_asset_2":0,"nav_2":0,"today_share_2":0,"principal_amount_2":0}]}]}
2026-06-17 14:54:03,628 - rwp_api_logger - INFO - 调用成功
2026-06-17 14:54:03,954 - rwp_api_logger - INFO - url=http://rwp.dunhefund.com:6680/api/trade_manager/fund_unit/get_unit_asset_chart?access_token=B13F9093DED53A04F428838A5896434F, data={"fund_id": 568, "unit_id": 9122, "start_date": "20260617"}
2026-06-17 14:54:04,114 - rwp_api_logger - INFO - response.status_code=200, response.text={"code":1,"message":"","unit_list":[{"unit_id":9122,"unit_name":"山海量化CTA平衡1号-场外银行间","name":"周经国","nav_list":[{"date":"2026-06-17","total_asset":2891.34,"nav":0,"nav_acc":0,"unit_var":0,"dynamic_drawdown":-1,"occupy_deposit_balance":0,"enable_deposit_balance":0,"deposit_ratio":0,"otc_occupy_deposit_balance":0,"otc_enable_deposit_balance":0,"otc_deposit_ratio":0,"total_deposit_ratio":0,"today_profit":0,"total_profit":0,"today_profit_ratio":-1,"today_share":0,"total_asset_2":0,"nav_2":0,"today_share_2":0,"principal_amount_2":0}]}]}
2026-06-17 14:54:04,118 - rwp_api_logger - INFO - 调用成功
2026-06-17 14:54:04,423 - rwp_api_logger - INFO - url=http://rwp.dunhefund.com:6680/api/trade_manager/fund_unit/get_unit_asset_chart?access_token=B13F9093DED53A04F428838A5896434F, data={"fund_id": 568, "unit_id": 9122, "start_date": "20260617"}
2026-06-17 14:54:04,521 - rwp_api_logger - INFO - response.status_code=200, response.text={"code":1,"message":"","unit_list":[{"unit_id":9122,"unit_name":"山海量化CTA平衡1号-场外银行间","name":"周经国","nav_list":[{"date":"2026-06-17","total_asset":2891.34,"nav":0,"nav_acc":0,"unit_var":0,"dynamic_drawdown":-1,"occupy_deposit_balance":0,"enable_deposit_balance":0,"deposit_ratio":0,"otc_occupy_deposit_balance":0,"otc_enable_deposit_balance":0,"otc_deposit_ratio":0,"total_deposit_ratio":0,"today_profit":0,"total_profit":0,"today_profit_ratio":-1,"today_share":0,"total_asset_2":0,"nav_2":0,"today_share_2":0,"principal_amount_2":0}]}]}
2026-06-17 14:54:04,537 - rwp_api_logger - INFO - 调用成功
2026-06-17 14:58:34,224 - rwp_api_logger - INFO - 登陆成功，access_token=C9F1B788FC3F5D386E3A1F3C13102755
2026-06-17 14:58:34,255 - rwp_api_logger - INFO - url=http://rwp.dunhefund.com:6680/api/trade_manager/fund_unit/get_unit_asset_chart?access_token=C9F1B788FC3F5D386E3A1F3C13102755, data={"fund_id": 569, "unit_id": 9118, "start_date": "20260617"}
2026-06-17 14:58:34,437 - rwp_api_logger - INFO - response.status_code=200, response.text={"code":1,"message":"","unit_list":[{"unit_id":9118,"unit_name":"山海量化CTA进取1号-场外银行间","name":"周经国","nav_list":[{"date":"2026-06-17","total_asset":1072661.33,"nav":0,"nav_acc":0,"unit_var":0,"dynamic_drawdown":-1,"occupy_deposit_balance":0,"enable_deposit_balance":0,"deposit_ratio":0,"otc_occupy_deposit_balance":0,"otc_enable_deposit_balance":0,"otc_deposit_ratio":0,"total_deposit_ratio":0,"today_profit":0,"total_profit":0,"today_profit_ratio":-1,"today_share":0,"total_asset_2":0,"nav_2":0,"today_share_2":0,"principal_amount_2":0}]}]}
2026-06-17 14:58:34,457 - rwp_api_logger - INFO - 调用成功
2026-06-17 14:58:40,090 - rwp_api_logger - INFO - url=http://rwp.dunhefund.com:6680/api/trade_manager/fund_unit/get_unit_asset_chart?access_token=C9F1B788FC3F5D386E3A1F3C13102755, data={"fund_id": 568, "unit_id": 9122, "start_date": "20260617"}
2026-06-17 14:58:40,229 - rwp_api_logger - INFO - response.status_code=200, response.text={"code":1,"message":"","unit_list":[{"unit_id":9122,"unit_name":"山海量化CTA平衡1号-场外银行间","name":"周经国","nav_list":[{"date":"2026-06-17","total_asset":2891.34,"nav":0,"nav_acc":0,"unit_var":0,"dynamic_drawdown":-1,"occupy_deposit_balance":0,"enable_deposit_balance":0,"deposit_ratio":0,"otc_occupy_deposit_balance":0,"otc_enable_deposit_balance":0,"otc_deposit_ratio":0,"total_deposit_ratio":0,"today_profit":0,"total_profit":0,"today_profit_ratio":-1,"today_share":0,"total_asset_2":0,"nav_2":0,"today_share_2":0,"principal_amount_2":0}]}]}
2026-06-17 14:58:40,236 - rwp_api_logger - INFO - 调用成功
2026-06-17 14:58:47,394 - rwp_api_logger - INFO - url=http://rwp.dunhefund.com:6680/api/trade_manager/fund_unit/get_unit_asset_chart?access_token=C9F1B788FC3F5D386E3A1F3C13102755, data={"fund_id": 568, "unit_id": 9122, "start_date": "20260617"}
2026-06-17 14:58:47,555 - rwp_api_logger - INFO - response.status_code=200, response.text={"code":1,"message":"","unit_list":[{"unit_id":9122,"unit_name":"山海量化CTA平衡1号-场外银行间","name":"周经国","nav_list":[{"date":"2026-06-17","total_asset":2891.34,"nav":0,"nav_acc":0,"unit_var":0,"dynamic_drawdown":-1,"occupy_deposit_balance":0,"enable_deposit_balance":0,"deposit_ratio":0,"otc_occupy_deposit_balance":0,"otc_enable_deposit_balance":0,"otc_deposit_ratio":0,"total_deposit_ratio":0,"today_profit":0,"total_profit":0,"today_profit_ratio":-1,"today_share":0,"total_asset_2":0,"nav_2":0,"today_share_2":0,"principal_amount_2":0}]}]}
2026-06-17 14:58:47,594 - rwp_api_logger - INFO - 调用成功
2026-06-17 14:58:54,232 - rwp_api_logger - INFO - url=http://rwp.dunhefund.com:6680/api/trade_manager/fund_unit/get_unit_asset_chart?access_token=C9F1B788FC3F5D386E3A1F3C13102755, data={"fund_id": 568, "unit_id": 9122, "start_date": "20260617"}
2026-06-17 14:58:54,384 - rwp_api_logger - INFO - response.status_code=200, response.text={"code":1,"message":"","unit_list":[{"unit_id":9122,"unit_name":"山海量化CTA平衡1号-场外银行间","name":"周经国","nav_list":[{"date":"2026-06-17","total_asset":2891.34,"nav":0,"nav_acc":0,"unit_var":0,"dynamic_drawdown":-1,"occupy_deposit_balance":0,"enable_deposit_balance":0,"deposit_ratio":0,"otc_occupy_deposit_balance":0,"otc_enable_deposit_balance":0,"otc_deposit_ratio":0,"total_deposit_ratio":0,"today_profit":0,"total_profit":0,"today_profit_ratio":-1,"today_share":0,"total_asset_2":0,"nav_2":0,"today_share_2":0,"principal_amount_2":0}]}]}
2026-06-17 14:58:54,405 - rwp_api_logger - INFO - 调用成功
2026-06-17 14:59:00,957 - rwp_api_logger - INFO - url=http://rwp.dunhefund.com:6680/api/trade_manager/fund_unit/get_unit_asset_chart?access_token=C9F1B788FC3F5D386E3A1F3C13102755, data={"fund_id": 568, "unit_id": 9122, "start_date": "20260617"}
2026-06-17 14:59:01,101 - rwp_api_logger - INFO - response.status_code=200, response.text={"code":1,"message":"","unit_list":[{"unit_id":9122,"unit_name":"山海量化CTA平衡1号-场外银行间","name":"周经国","nav_list":[{"date":"2026-06-17","total_asset":2891.34,"nav":0,"nav_acc":0,"unit_var":0,"dynamic_drawdown":-1,"occupy_deposit_balance":0,"enable_deposit_balance":0,"deposit_ratio":0,"otc_occupy_deposit_balance":0,"otc_enable_deposit_balance":0,"otc_deposit_ratio":0,"total_deposit_ratio":0,"today_profit":0,"total_profit":0,"today_profit_ratio":-1,"today_share":0,"total_asset_2":0,"nav_2":0,"today_share_2":0,"principal_amount_2":0}]}]}
2026-06-17 14:59:01,109 - rwp_api_logger - INFO - 调用成功
2026-06-17 14:59:01,859 - rwp_api_logger - INFO - url=http://rwp.dunhefund.com:6680/api/trade_manager/fund_unit/get_unit_asset_chart?access_token=C9F1B788FC3F5D386E3A1F3C13102755, data={"fund_id": 568, "unit_id": 9122, "start_date": "20260617"}
2026-06-17 14:59:01,959 - rwp_api_logger - INFO - response.status_code=200, response.text={"code":1,"message":"","unit_list":[{"unit_id":9122,"unit_name":"山海量化CTA平衡1号-场外银行间","name":"周经国","nav_list":[{"date":"2026-06-17","total_asset":2891.34,"nav":0,"nav_acc":0,"unit_var":0,"dynamic_drawdown":-1,"occupy_deposit_balance":0,"enable_deposit_balance":0,"deposit_ratio":0,"otc_occupy_deposit_balance":0,"otc_enable_deposit_balance":0,"otc_deposit_ratio":0,"total_deposit_ratio":0,"today_profit":0,"total_profit":0,"today_profit_ratio":-1,"today_share":0,"total_asset_2":0,"nav_2":0,"today_share_2":0,"principal_amount_2":0}]}]}
2026-06-17 14:59:01,961 - rwp_api_logger - INFO - 调用成功
2026-06-17 14:59:02,612 - rwp_api_logger - INFO - url=http://rwp.dunhefund.com:6680/api/trade_manager/fund_unit/get_unit_asset_chart?access_token=C9F1B788FC3F5D386E3A1F3C13102755, data={"fund_id": 568, "unit_id": 9122, "start_date": "20260617"}
2026-06-17 14:59:02,735 - rwp_api_logger - INFO - response.status_code=200, response.text={"code":1,"message":"","unit_list":[{"unit_id":9122,"unit_name":"山海量化CTA平衡1号-场外银行间","name":"周经国","nav_list":[{"date":"2026-06-17","total_asset":2891.34,"nav":0,"nav_acc":0,"unit_var":0,"dynamic_drawdown":-1,"occupy_deposit_balance":0,"enable_deposit_balance":0,"deposit_ratio":0,"otc_occupy_deposit_balance":0,"otc_enable_deposit_balance":0,"otc_deposit_ratio":0,"total_deposit_ratio":0,"today_profit":0,"total_profit":0,"today_profit_ratio":-1,"today_share":0,"total_asset_2":0,"nav_2":0,"today_share_2":0,"principal_amount_2":0}]}]}
2026-06-17 14:59:02,761 - rwp_api_logger - INFO - 调用成功
2026-06-17 15:14:50,713 - rwp_api_logger - INFO - 登陆成功，access_token=578D08E92ED2EEB8F5EA2D13F3F63B39
2026-06-17 15:14:50,714 - rwp_api_logger - INFO - url=http://rwp.dunhefund.com:6680/api/trade_manager/fund_unit/get_unit_asset_chart?access_token=578D08E92ED2EEB8F5EA2D13F3F63B39, data={"fund_id": 58, "unit_id": 230, "start_date": "20260617"}
2026-06-17 15:14:50,863 - rwp_api_logger - INFO - response.status_code=200, response.text={"code":1,"message":"","unit_list":[]}
2026-06-17 15:14:50,863 - rwp_api_logger - INFO - 调用成功
2026-06-17 15:14:52,279 - rwp_api_logger - INFO - url=http://rwp.dunhefund.com:6680/api/trade_manager/fund_unit/get_unit_asset_chart?access_token=578D08E92ED2EEB8F5EA2D13F3F63B39, data={"fund_id": 569, "unit_id": 9118, "start_date": "20260617"}
2026-06-17 15:14:52,635 - rwp_api_logger - INFO - response.status_code=200, response.text={"code":1,"message":"","unit_list":[{"unit_id":9118,"unit_name":"山海量化CTA进取1号-场外银行间","name":"周经国","nav_list":[{"date":"2026-06-17","total_asset":1072661.33,"nav":0,"nav_acc":0,"unit_var":0,"dynamic_drawdown":-1,"occupy_deposit_balance":0,"enable_deposit_balance":0,"deposit_ratio":0,"otc_occupy_deposit_balance":0,"otc_enable_deposit_balance":0,"otc_deposit_ratio":0,"total_deposit_ratio":0,"today_profit":0,"total_profit":0,"today_profit_ratio":-1,"today_share":0,"total_asset_2":0,"nav_2":0,"today_share_2":0,"principal_amount_2":0}]}]}
2026-06-17 15:14:52,645 - rwp_api_logger - INFO - 调用成功
2026-06-17 15:14:54,489 - rwp_api_logger - INFO - url=http://rwp.dunhefund.com:6680/api/trade_manager/fund_unit/get_unit_asset_chart?access_token=578D08E92ED2EEB8F5EA2D13F3F63B39, data={"fund_id": 568, "unit_id": 9122, "start_date": "20260617"}
2026-06-17 15:14:54,589 - rwp_api_logger - INFO - response.status_code=200, response.text={"code":1,"message":"","unit_list":[{"unit_id":9122,"unit_name":"山海量化CTA平衡1号-场外银行间","name":"周经国","nav_list":[{"date":"2026-06-17","total_asset":2002191.34,"nav":0,"nav_acc":0,"unit_var":0,"dynamic_drawdown":-1,"occupy_deposit_balance":0,"enable_deposit_balance":0,"deposit_ratio":0,"otc_occupy_deposit_balance":0,"otc_enable_deposit_balance":0,"otc_deposit_ratio":0,"total_deposit_ratio":0,"today_profit":0,"total_profit":0,"today_profit_ratio":-1,"today_share":0,"total_asset_2":0,"nav_2":0,"today_share_2":0,"principal_amount_2":0}]}]}
2026-06-17 15:14:54,590 - rwp_api_logger - INFO - 调用成功
2026-06-17 15:14:56,236 - rwp_api_logger - INFO - 登陆成功，access_token=48D167FB72EC6762DF082BA7A1FA0A09
2026-06-17 15:14:56,237 - rwp_api_logger - INFO - url=http://rwp.dunhefund.com:6680/api/trade_manager/fund_unit/get_unit_asset_chart?access_token=48D167FB72EC6762DF082BA7A1FA0A09, data={"fund_id": 569, "unit_id": 9118, "start_date": "20260617"}
2026-06-17 15:14:56,311 - rwp_api_logger - INFO - response.status_code=200, response.text={"code":1,"message":"","unit_list":[{"unit_id":9118,"unit_name":"山海量化CTA进取1号-场外银行间","name":"周经国","nav_list":[{"date":"2026-06-17","total_asset":1072661.33,"nav":0,"nav_acc":0,"unit_var":0,"dynamic_drawdown":-1,"occupy_deposit_balance":0,"enable_deposit_balance":0,"deposit_ratio":0,"otc_occupy_deposit_balance":0,"otc_enable_deposit_balance":0,"otc_deposit_ratio":0,"total_deposit_ratio":0,"today_profit":0,"total_profit":0,"today_profit_ratio":-1,"today_share":0,"total_asset_2":0,"nav_2":0,"today_share_2":0,"principal_amount_2":0}]}]}
2026-06-17 15:14:56,312 - rwp_api_logger - INFO - 调用成功
2026-06-17 15:14:56,832 - rwp_api_logger - INFO - url=http://rwp.dunhefund.com:6680/api/trade_manager/fund_unit/get_unit_asset_chart?access_token=578D08E92ED2EEB8F5EA2D13F3F63B39, data={"fund_id": 215, "unit_id": 1049, "start_date": "20260617"}
2026-06-17 15:14:56,894 - rwp_api_logger - INFO - response.status_code=200, response.text={"code":4,"message":"5peg5pWI55qEQUNDRVNTX1RPS0VOOjU3OEQwOEU5MkVEMkVFQjhGNUVBMkQxM0YzRjYzQjM5","plain_message":"无效的ACCESS_TOKEN:578D08E92ED2EEB8F5EA2D13F3F63B39"}
2026-06-17 15:14:56,896 - rwp_api_logger - INFO - 调用失败[4]: 无效的ACCESS_TOKEN:578D08E92ED2EEB8F5EA2D13F3F63B39
2026-06-17 15:14:57,930 - rwp_api_logger - INFO - url=http://rwp.dunhefund.com:6680/api/trade_manager/fund_unit/get_unit_asset_chart?access_token=48D167FB72EC6762DF082BA7A1FA0A09, data={"fund_id": 568, "unit_id": 9122, "start_date": "20260617"}
2026-06-17 15:14:58,030 - rwp_api_logger - INFO - response.status_code=200, response.text={"code":1,"message":"","unit_list":[{"unit_id":9122,"unit_name":"山海量化CTA平衡1号-场外银行间","name":"周经国","nav_list":[{"date":"2026-06-17","total_asset":2002191.34,"nav":0,"nav_acc":0,"unit_var":0,"dynamic_drawdown":-1,"occupy_deposit_balance":0,"enable_deposit_balance":0,"deposit_ratio":0,"otc_occupy_deposit_balance":0,"otc_enable_deposit_balance":0,"otc_deposit_ratio":0,"total_deposit_ratio":0,"today_profit":0,"total_profit":0,"today_profit_ratio":-1,"today_share":0,"total_asset_2":0,"nav_2":0,"today_share_2":0,"principal_amount_2":0}]}]}
2026-06-17 15:14:58,044 - rwp_api_logger - INFO - 调用成功
2026-06-17 15:14:59,937 - rwp_api_logger - INFO - url=http://rwp.dunhefund.com:6680/api/trade_manager/fund_unit/get_unit_asset_chart?access_token=578D08E92ED2EEB8F5EA2D13F3F63B39, data={"fund_id": 319, "unit_id": 1604, "start_date": "20260617"}
2026-06-17 15:15:00,031 - rwp_api_logger - INFO - response.status_code=200, response.text={"code":4,"message":"5peg5pWI55qEQUNDRVNTX1RPS0VOOjU3OEQwOEU5MkVEMkVFQjhGNUVBMkQxM0YzRjYzQjM5","plain_message":"无效的ACCESS_TOKEN:578D08E92ED2EEB8F5EA2D13F3F63B39"}
2026-06-17 15:15:00,032 - rwp_api_logger - INFO - 调用失败[4]: 无效的ACCESS_TOKEN:578D08E92ED2EEB8F5EA2D13F3F63B39
2026-06-17 15:15:00,173 - rwp_api_logger - INFO - url=http://rwp.dunhefund.com:6680/api/trade_manager/fund_unit/get_unit_asset_chart?access_token=578D08E92ED2EEB8F5EA2D13F3F63B39, data={"fund_id": 34, "unit_id": 216, "start_date": "20260617"}
2026-06-17 15:15:00,250 - rwp_api_logger - INFO - response.status_code=200, response.text={"code":4,"message":"5peg5pWI55qEQUNDRVNTX1RPS0VOOjU3OEQwOEU5MkVEMkVFQjhGNUVBMkQxM0YzRjYzQjM5","plain_message":"无效的ACCESS_TOKEN:578D08E92ED2EEB8F5EA2D13F3F63B39"}
2026-06-17 15:15:00,272 - rwp_api_logger - INFO - 调用失败[4]: 无效的ACCESS_TOKEN:578D08E92ED2EEB8F5EA2D13F3F63B39
2026-06-17 15:15:00,299 - rwp_api_logger - INFO - url=http://rwp.dunhefund.com:6680/api/trade_manager/fund_unit/get_unit_asset_chart?access_token=48D167FB72EC6762DF082BA7A1FA0A09, data={"fund_id": 568, "unit_id": 9122, "start_date": "20260617"}
2026-06-17 15:15:00,399 - rwp_api_logger - INFO - response.status_code=200, response.text={"code":1,"message":"","unit_list":[{"unit_id":9122,"unit_name":"山海量化CTA平衡1号-场外银行间","name":"周经国","nav_list":[{"date":"2026-06-17","total_asset":2002191.34,"nav":0,"nav_acc":0,"unit_var":0,"dynamic_drawdown":-1,"occupy_deposit_balance":0,"enable_deposit_balance":0,"deposit_ratio":0,"otc_occupy_deposit_balance":0,"otc_enable_deposit_balance":0,"otc_deposit_ratio":0,"total_deposit_ratio":0,"today_profit":0,"total_profit":0,"today_profit_ratio":-1,"today_share":0,"total_asset_2":0,"nav_2":0,"today_share_2":0,"principal_amount_2":0}]}]}
2026-06-17 15:15:00,400 - rwp_api_logger - INFO - 调用成功
2026-06-17 15:15:00,440 - rwp_api_logger - INFO - url=http://rwp.dunhefund.com:6680/api/trade_manager/fund_unit/get_unit_asset_chart?access_token=578D08E92ED2EEB8F5EA2D13F3F63B39, data={"fund_id": 215, "unit_id": 1049, "start_date": "20260617"}
2026-06-17 15:15:00,522 - rwp_api_logger - INFO - response.status_code=200, response.text={"code":4,"message":"5peg5pWI55qEQUNDRVNTX1RPS0VOOjU3OEQwOEU5MkVEMkVFQjhGNUVBMkQxM0YzRjYzQjM5","plain_message":"无效的ACCESS_TOKEN:578D08E92ED2EEB8F5EA2D13F3F63B39"}
2026-06-17 15:15:00,522 - rwp_api_logger - INFO - 调用失败[4]: 无效的ACCESS_TOKEN:578D08E92ED2EEB8F5EA2D13F3F63B39
2026-06-17 15:15:01,918 - rwp_api_logger - INFO - url=http://rwp.dunhefund.com:6680/api/trade_manager/fund_unit/get_unit_asset_chart?access_token=48D167FB72EC6762DF082BA7A1FA0A09, data={"fund_id": 568, "unit_id": 9122, "start_date": "20260617"}
2026-06-17 15:15:02,011 - rwp_api_logger - INFO - response.status_code=200, response.text={"code":1,"message":"","unit_list":[{"unit_id":9122,"unit_name":"山海量化CTA平衡1号-场外银行间","name":"周经国","nav_list":[{"date":"2026-06-17","total_asset":2002191.34,"nav":0,"nav_acc":0,"unit_var":0,"dynamic_drawdown":-1,"occupy_deposit_balance":0,"enable_deposit_balance":0,"deposit_ratio":0,"otc_occupy_deposit_balance":0,"otc_enable_deposit_balance":0,"otc_deposit_ratio":0,"total_deposit_ratio":0,"today_profit":0,"total_profit":0,"today_profit_ratio":-1,"today_share":0,"total_asset_2":0,"nav_2":0,"today_share_2":0,"principal_amount_2":0}]}]}
2026-06-17 15:15:02,011 - rwp_api_logger - INFO - 调用成功
2026-06-17 15:15:03,588 - rwp_api_logger - INFO - url=http://rwp.dunhefund.com:6680/api/trade_manager/fund_unit/get_unit_asset_chart?access_token=48D167FB72EC6762DF082BA7A1FA0A09, data={"fund_id": 568, "unit_id": 9122, "start_date": "20260617"}
2026-06-17 15:15:03,666 - rwp_api_logger - INFO - response.status_code=200, response.text={"code":1,"message":"","unit_list":[{"unit_id":9122,"unit_name":"山海量化CTA平衡1号-场外银行间","name":"周经国","nav_list":[{"date":"2026-06-17","total_asset":2002191.34,"nav":0,"nav_acc":0,"unit_var":0,"dynamic_drawdown":-1,"occupy_deposit_balance":0,"enable_deposit_balance":0,"deposit_ratio":0,"otc_occupy_deposit_balance":0,"otc_enable_deposit_balance":0,"otc_deposit_ratio":0,"total_deposit_ratio":0,"today_profit":0,"total_profit":0,"today_profit_ratio":-1,"today_share":0,"total_asset_2":0,"nav_2":0,"today_share_2":0,"principal_amount_2":0}]}]}
2026-06-17 15:15:03,667 - rwp_api_logger - INFO - 调用成功
2026-06-17 15:15:03,752 - rwp_api_logger - INFO - url=http://rwp.dunhefund.com:6680/api/trade_manager/fund_unit/get_unit_asset_chart?access_token=48D167FB72EC6762DF082BA7A1FA0A09, data={"fund_id": 568, "unit_id": 9122, "start_date": "20260617"}
2026-06-17 15:15:03,830 - rwp_api_logger - INFO - response.status_code=200, response.text={"code":1,"message":"","unit_list":[{"unit_id":9122,"unit_name":"山海量化CTA平衡1号-场外银行间","name":"周经国","nav_list":[{"date":"2026-06-17","total_asset":2002191.34,"nav":0,"nav_acc":0,"unit_var":0,"dynamic_drawdown":-1,"occupy_deposit_balance":0,"enable_deposit_balance":0,"deposit_ratio":0,"otc_occupy_deposit_balance":0,"otc_enable_deposit_balance":0,"otc_deposit_ratio":0,"total_deposit_ratio":0,"today_profit":0,"total_profit":0,"today_profit_ratio":-1,"today_share":0,"total_asset_2":0,"nav_2":0,"today_share_2":0,"principal_amount_2":0}]}]}
2026-06-17 15:15:03,831 - rwp_api_logger - INFO - 调用成功
2026-06-17 15:15:03,958 - rwp_api_logger - INFO - url=http://rwp.dunhefund.com:6680/api/trade_manager/fund_unit/get_unit_asset_chart?access_token=48D167FB72EC6762DF082BA7A1FA0A09, data={"fund_id": 568, "unit_id": 9122, "start_date": "20260617"}
2026-06-17 15:15:04,089 - rwp_api_logger - INFO - response.status_code=200, response.text={"code":1,"message":"","unit_list":[{"unit_id":9122,"unit_name":"山海量化CTA平衡1号-场外银行间","name":"周经国","nav_list":[{"date":"2026-06-17","total_asset":2002191.34,"nav":0,"nav_acc":0,"unit_var":0,"dynamic_drawdown":-1,"occupy_deposit_balance":0,"enable_deposit_balance":0,"deposit_ratio":0,"otc_occupy_deposit_balance":0,"otc_enable_deposit_balance":0,"otc_deposit_ratio":0,"total_deposit_ratio":0,"today_profit":0,"total_profit":0,"today_profit_ratio":-1,"today_share":0,"total_asset_2":0,"nav_2":0,"today_share_2":0,"principal_amount_2":0}]}]}
2026-06-17 15:15:04,090 - rwp_api_logger - INFO - 调用成功
2026-06-17 15:15:11,866 - rwp_api_logger - INFO - url=http://rwp.dunhefund.com:6680/api/trade_manager/fund_unit/get_unit_asset_chart?access_token=578D08E92ED2EEB8F5EA2D13F3F63B39, data={"fund_id": 58, "unit_id": 230, "start_date": "20260617"}
2026-06-17 15:15:11,924 - rwp_api_logger - INFO - response.status_code=200, response.text={"code":4,"message":"5peg5pWI55qEQUNDRVNTX1RPS0VOOjU3OEQwOEU5MkVEMkVFQjhGNUVBMkQxM0YzRjYzQjM5","plain_message":"无效的ACCESS_TOKEN:578D08E92ED2EEB8F5EA2D13F3F63B39"}
2026-06-17 15:15:11,925 - rwp_api_logger - INFO - 调用失败[4]: 无效的ACCESS_TOKEN:578D08E92ED2EEB8F5EA2D13F3F63B39
2026-06-17 15:15:16,385 - rwp_api_logger - INFO - url=http://rwp.dunhefund.com:6680/api/trade_manager/fund_unit/get_unit_asset_chart?access_token=578D08E92ED2EEB8F5EA2D13F3F63B39, data={"fund_id": 215, "unit_id": 1049, "start_date": "20260617"}
2026-06-17 15:15:16,453 - rwp_api_logger - INFO - response.status_code=200, response.text={"code":4,"message":"5peg5pWI55qEQUNDRVNTX1RPS0VOOjU3OEQwOEU5MkVEMkVFQjhGNUVBMkQxM0YzRjYzQjM5","plain_message":"无效的ACCESS_TOKEN:578D08E92ED2EEB8F5EA2D13F3F63B39"}
2026-06-17 15:15:16,454 - rwp_api_logger - INFO - 调用失败[4]: 无效的ACCESS_TOKEN:578D08E92ED2EEB8F5EA2D13F3F63B39
2026-06-17 15:15:18,051 - rwp_api_logger - INFO - url=http://rwp.dunhefund.com:6680/api/trade_manager/fund_unit/get_unit_asset_chart?access_token=578D08E92ED2EEB8F5EA2D13F3F63B39, data={"fund_id": 319, "unit_id": 1604, "start_date": "20260617"}
2026-06-17 15:15:18,122 - rwp_api_logger - INFO - response.status_code=200, response.text={"code":4,"message":"5peg5pWI55qEQUNDRVNTX1RPS0VOOjU3OEQwOEU5MkVEMkVFQjhGNUVBMkQxM0YzRjYzQjM5","plain_message":"无效的ACCESS_TOKEN:578D08E92ED2EEB8F5EA2D13F3F63B39"}
2026-06-17 15:15:18,123 - rwp_api_logger - INFO - 调用失败[4]: 无效的ACCESS_TOKEN:578D08E92ED2EEB8F5EA2D13F3F63B39
2026-06-17 15:15:18,210 - rwp_api_logger - INFO - url=http://rwp.dunhefund.com:6680/api/trade_manager/fund_unit/get_unit_asset_chart?access_token=578D08E92ED2EEB8F5EA2D13F3F63B39, data={"fund_id": 34, "unit_id": 216, "start_date": "20260617"}
2026-06-17 15:15:18,264 - rwp_api_logger - INFO - response.status_code=200, response.text={"code":4,"message":"5peg5pWI55qEQUNDRVNTX1RPS0VOOjU3OEQwOEU5MkVEMkVFQjhGNUVBMkQxM0YzRjYzQjM5","plain_message":"无效的ACCESS_TOKEN:578D08E92ED2EEB8F5EA2D13F3F63B39"}
2026-06-17 15:15:18,264 - rwp_api_logger - INFO - 调用失败[4]: 无效的ACCESS_TOKEN:578D08E92ED2EEB8F5EA2D13F3F63B39
2026-06-17 15:15:18,367 - rwp_api_logger - INFO - url=http://rwp.dunhefund.com:6680/api/trade_manager/fund_unit/get_unit_asset_chart?access_token=578D08E92ED2EEB8F5EA2D13F3F63B39, data={"fund_id": 215, "unit_id": 1049, "start_date": "20260617"}
2026-06-17 15:15:18,432 - rwp_api_logger - INFO - response.status_code=200, response.text={"code":4,"message":"5peg5pWI55qEQUNDRVNTX1RPS0VOOjU3OEQwOEU5MkVEMkVFQjhGNUVBMkQxM0YzRjYzQjM5","plain_message":"无效的ACCESS_TOKEN:578D08E92ED2EEB8F5EA2D13F3F63B39"}
2026-06-17 15:15:18,433 - rwp_api_logger - INFO - 调用失败[4]: 无效的ACCESS_TOKEN:578D08E92ED2EEB8F5EA2D13F3F63B39
2026-06-17 15:15:29,155 - rwp_api_logger - INFO - url=http://rwp.dunhefund.com:6680/api/trade_manager/fund_unit/get_unit_asset_chart?access_token=578D08E92ED2EEB8F5EA2D13F3F63B39, data={"fund_id": 58, "unit_id": 230, "start_date": "20260617"}
2026-06-17 15:15:29,199 - rwp_api_logger - INFO - response.status_code=200, response.text={"code":4,"message":"5peg5pWI55qEQUNDRVNTX1RPS0VOOjU3OEQwOEU5MkVEMkVFQjhGNUVBMkQxM0YzRjYzQjM5","plain_message":"无效的ACCESS_TOKEN:578D08E92ED2EEB8F5EA2D13F3F63B39"}
2026-06-17 15:15:29,199 - rwp_api_logger - INFO - 调用失败[4]: 无效的ACCESS_TOKEN:578D08E92ED2EEB8F5EA2D13F3F63B39
2026-06-17 15:15:31,708 - rwp_api_logger - INFO - url=http://rwp.dunhefund.com:6680/api/trade_manager/fund_unit/get_unit_asset_chart?access_token=578D08E92ED2EEB8F5EA2D13F3F63B39, data={"fund_id": 215, "unit_id": 1049, "start_date": "20260617"}
2026-06-17 15:15:31,763 - rwp_api_logger - INFO - response.status_code=200, response.text={"code":4,"message":"5peg5pWI55qEQUNDRVNTX1RPS0VOOjU3OEQwOEU5MkVEMkVFQjhGNUVBMkQxM0YzRjYzQjM5","plain_message":"无效的ACCESS_TOKEN:578D08E92ED2EEB8F5EA2D13F3F63B39"}
2026-06-17 15:15:31,769 - rwp_api_logger - INFO - 调用失败[4]: 无效的ACCESS_TOKEN:578D08E92ED2EEB8F5EA2D13F3F63B39
2026-06-17 15:15:33,141 - rwp_api_logger - INFO - url=http://rwp.dunhefund.com:6680/api/trade_manager/fund_unit/get_unit_asset_chart?access_token=578D08E92ED2EEB8F5EA2D13F3F63B39, data={"fund_id": 319, "unit_id": 1604, "start_date": "20260617"}
2026-06-17 15:15:33,215 - rwp_api_logger - INFO - response.status_code=200, response.text={"code":4,"message":"5peg5pWI55qEQUNDRVNTX1RPS0VOOjU3OEQwOEU5MkVEMkVFQjhGNUVBMkQxM0YzRjYzQjM5","plain_message":"无效的ACCESS_TOKEN:578D08E92ED2EEB8F5EA2D13F3F63B39"}
2026-06-17 15:15:33,222 - rwp_api_logger - INFO - 调用失败[4]: 无效的ACCESS_TOKEN:578D08E92ED2EEB8F5EA2D13F3F63B39
2026-06-17 15:15:33,295 - rwp_api_logger - INFO - url=http://rwp.dunhefund.com:6680/api/trade_manager/fund_unit/get_unit_asset_chart?access_token=578D08E92ED2EEB8F5EA2D13F3F63B39, data={"fund_id": 34, "unit_id": 216, "start_date": "20260617"}
2026-06-17 15:15:33,358 - rwp_api_logger - INFO - response.status_code=200, response.text={"code":4,"message":"5peg5pWI55qEQUNDRVNTX1RPS0VOOjU3OEQwOEU5MkVEMkVFQjhGNUVBMkQxM0YzRjYzQjM5","plain_message":"无效的ACCESS_TOKEN:578D08E92ED2EEB8F5EA2D13F3F63B39"}
2026-06-17 15:15:33,359 - rwp_api_logger - INFO - 调用失败[4]: 无效的ACCESS_TOKEN:578D08E92ED2EEB8F5EA2D13F3F63B39
2026-06-17 15:15:33,434 - rwp_api_logger - INFO - url=http://rwp.dunhefund.com:6680/api/trade_manager/fund_unit/get_unit_asset_chart?access_token=578D08E92ED2EEB8F5EA2D13F3F63B39, data={"fund_id": 215, "unit_id": 1049, "start_date": "20260617"}
2026-06-17 15:15:33,500 - rwp_api_logger - INFO - response.status_code=200, response.text={"code":4,"message":"5peg5pWI55qEQUNDRVNTX1RPS0VOOjU3OEQwOEU5MkVEMkVFQjhGNUVBMkQxM0YzRjYzQjM5","plain_message":"无效的ACCESS_TOKEN:578D08E92ED2EEB8F5EA2D13F3F63B39"}
2026-06-17 15:15:33,501 - rwp_api_logger - INFO - 调用失败[4]: 无效的ACCESS_TOKEN:578D08E92ED2EEB8F5EA2D13F3F63B39
